#
# A fatal error has been detected by the Java Runtime Environment:
#
#  EXCEPTION_ACCESS_VIOLATION (0xc0000005) at pc=0x0000000003473920, pid=2776, tid=0x0000000000001e20
#
# JRE version: OpenJDK Runtime Environment (8.0_202-b03) (build 1.8.0_202-release-1483-b03)
# Java VM: OpenJDK 64-Bit Server VM (25.202-b03 mixed mode windows-amd64 compressed oops)
# Problematic frame:
# 
[error occurred during error reporting (printing problematic frame), id 0xc0000005]

# Failed to write core dump. Minidumps are not enabled by default on client versions of Windows
#
# If you would like to submit a bug report, please visit:
#   http://bugreport.java.com/bugreport/crash.jsp
#

---------------  T H R E A D  ---------------

Current thread (0x000000000337b800):  GCTaskThread [stack: 0x00000000130e0000,0x00000000131e0000] [id=7712]

siginfo: ExceptionCode=0xc0000005, reading address 0x0000000000008908

Registers:
RAX=0x0000000024af5990, RBX=0x0000000000008900, RCX=0x00000001004e9358, RDX=0x00000000034543f0
RSP=0x00000000131df9c8, RBP=0x0000000000000000, RSI=0x00000000034543f0, RDI=0x0000000000000002
R8 =0x000000008c867bf8, R9 =0x00000001004e9358, R10=0x000000000000000c, R11=0x0000000000000000
R12=0x0000000076af7ba8, R13=0x000000000336fd50, R14=0x000000000337bd80, R15=0x0000000000000000
RIP=0x0000000003473920, EFLAGS=0x0000000000010202

Top of Stack: (sp=0x00000000131df9c8)
0x00000000131df9c8:   00000000768a5f40 00000000034543f0
0x00000000131df9d8:   0000000000000002 0000000076af7ba8
0x00000000131df9e8:   0000000076af7ba8 000000008cdd8200
0x00000000131df9f8:   00000000034543f0 000000008c852bbc
0x00000000131dfa08:   0000000000000004 000000008cdd8200
0x00000000131dfa18:   00000000765f5541 00000000183e5df0
0x00000000131dfa28:   000004f10000020a 000000000337b800
0x00000000131dfa38:   000000000336fd50 000000000337bd90
0x00000000131dfa48:   000000000337bd80 0000000076af7ba8
0x00000000131dfa58:   0000000000000002 0000000021c2a590
0x00000000131dfa68:   0000000000000000 00000000034543f0
0x00000000131dfa78:   00000000768a38a0 000000008c867bf8
0x00000000131dfa88:   0000000000000002 0000000076af7ba8
0x00000000131dfa98:   000001ea000001e2 000000008c851bb8
0x00000000131dfaa8:   0000000000000200 0000000021c2a590
0x00000000131dfab8:   00000000768a0d9e 0000000074d6c863 

Instructions: (pc=0x0000000003473920)
0x0000000003473900:   a0 04 00 00 00 00 00 00 f0 15 aa 76 00 00 00 00
0x0000000003473910:   ff ff ff ff 00 00 00 00 00 00 00 00 00 00 00 00
0x0000000003473920:   48 8b 53 08 0f b7 4a 2c 0f b7 52 2a 2b d1 81 fa
0x0000000003473930:   f6 01 00 00 0f 86 33 00 00 00 48 8b c2 48 c1 e0 


Register to memory mapping:

RAX={method} {0x0000000024af5998} 'convention' '(Ljava/lang/Object;)Lorg/gradle/api/provider/Property;' in 'org/gradle/api/internal/provider/DefaultPropertyState'
RBX=0x0000000000008900 is an unknown value
RCX=0x00000001004e9358 is pointing into metadata
RDX=0x00000000034543f0 is an unknown value
RSP=0x00000000131df9c8 is an unknown value
RBP=0x0000000000000000 is an unknown value
RSI=0x00000000034543f0 is an unknown value
RDI=0x0000000000000002 is an unknown value
R8 =0x000000008c867bf8 is an oop

[error occurred during error reporting (printing register info), id 0xc0000005]

Stack: [0x00000000130e0000,0x00000000131e0000],  sp=0x00000000131df9c8,  free space=1022k
Native frames: (J=compiled Java code, j=interpreted, Vv=VM code, C=native code)


---------------  P R O C E S S  ---------------

Java Threads: ( => current thread )
  0x0000000028a91800 JavaThread "ForkJoinPool.commonPool-worker-3" daemon [_thread_blocked, id=7752, stack(0x0000000038920000,0x0000000038a20000)]
  0x0000000028a8d000 JavaThread "ForkJoinPool.commonPool-worker-2" daemon [_thread_blocked, id=12972, stack(0x0000000038820000,0x0000000038920000)]
  0x0000000028a90800 JavaThread "ForkJoinPool.commonPool-worker-1" daemon [_thread_blocked, id=9808, stack(0x0000000038720000,0x0000000038820000)]
  0x0000000028a8f000 JavaThread "ForkJoinPool.commonPool-worker-0" daemon [_thread_blocked, id=1548, stack(0x0000000038620000,0x0000000038720000)]
  0x0000000021ba9000 JavaThread "stdout" [_thread_in_native, id=12732, stack(0x0000000035260000,0x0000000035360000)]
  0x0000000021baf800 JavaThread "stderr" [_thread_in_native, id=8588, stack(0x0000000030d90000,0x0000000030e90000)]
  0x0000000021baf000 JavaThread "stdout" [_thread_in_native, id=2280, stack(0x0000000038420000,0x0000000038520000)]
  0x0000000021bae000 JavaThread "stderr" [_thread_in_native, id=7068, stack(0x0000000038320000,0x0000000038420000)]
  0x0000000021bad800 JavaThread "stdout" [_thread_in_native, id=12164, stack(0x0000000038220000,0x0000000038320000)]
  0x0000000021ba1000 JavaThread "stderr" [_thread_in_native, id=8928, stack(0x0000000038120000,0x0000000038220000)]
  0x0000000021ba8000 JavaThread "stdout" [_thread_in_native, id=1880, stack(0x0000000038020000,0x0000000038120000)]
  0x0000000021ba0800 JavaThread "stderr" [_thread_in_native, id=10684, stack(0x0000000037f20000,0x0000000038020000)]
  0x0000000021ba4800 JavaThread "stdout" [_thread_in_native, id=1876, stack(0x0000000037e20000,0x0000000037f20000)]
  0x0000000021ba2000 JavaThread "stderr" [_thread_in_native, id=12776, stack(0x0000000037d20000,0x0000000037e20000)]
  0x0000000021ba7800 JavaThread "stdout" [_thread_in_native, id=4268, stack(0x0000000037c20000,0x0000000037d20000)]
  0x0000000021b9f800 JavaThread "stderr" [_thread_in_native, id=10532, stack(0x0000000037b20000,0x0000000037c20000)]
  0x0000000021b9d800 JavaThread "stdout" [_thread_in_native, id=3476, stack(0x0000000035520000,0x0000000035620000)]
  0x0000000021b9f000 JavaThread "stderr" [_thread_in_native, id=8988, stack(0x0000000035420000,0x0000000035520000)]
  0x0000000021b9c800 JavaThread "pool-34-thread-1" [_thread_blocked, id=6884, stack(0x000000002e800000,0x000000002e900000)]
  0x0000000021b9c000 JavaThread "ForkJoinPool.commonPool-worker-5" daemon [_thread_blocked, id=1892, stack(0x000000002e700000,0x000000002e800000)]
  0x0000000021b94800 JavaThread "WorkerExecutor Queue Thread 9" [_thread_blocked, id=6828, stack(0x000000002c2f0000,0x000000002c3f0000)]
  0x0000000021b95000 JavaThread "WorkerExecutor Queue Thread 7" [_thread_blocked, id=9664, stack(0x000000002e200000,0x000000002e300000)]
  0x0000000021b9b000 JavaThread "WorkerExecutor Queue Thread 6" [_thread_blocked, id=4972, stack(0x000000002cd00000,0x000000002ce00000)]
  0x0000000021b93800 JavaThread "WorkerExecutor Queue Thread 5" [_thread_blocked, id=9852, stack(0x000000002c400000,0x000000002c500000)]
  0x0000000021b93000 JavaThread "Cache worker for Java compile cache (E:\practisePro\a_shi_xun\AndroidProject\vhome\.gradle\5.4.1\javaCompile)" [_thread_blocked, id=9920, stack(0x000000002c1f0000,0x000000002c2f0000)]
  0x0000000027b72800 JavaThread "WorkerExecutor Queue Thread 4" [_thread_blocked, id=8336, stack(0x000000002bef0000,0x000000002bff0000)]
  0x0000000027b73800 JavaThread "WorkerExecutor Queue Thread 3" [_thread_blocked, id=8028, stack(0x000000002bc90000,0x000000002bd90000)]
  0x0000000027b72000 JavaThread "WorkerExecutor Queue Thread 2" [_thread_blocked, id=6812, stack(0x000000002bb90000,0x000000002bc90000)]
  0x0000000027b6f800 JavaThread "WorkerExecutor Queue" [_thread_blocked, id=7864, stack(0x000000002ba90000,0x000000002bb90000)]
  0x0000000027b74000 JavaThread "Cache worker for execution history cache (E:\practisePro\a_shi_xun\AndroidProject\vhome\.gradle\5.4.1\executionHistory)" [_thread_blocked, id=3084, stack(0x000000002b990000,0x000000002ba90000)]
  0x0000000027b68000 JavaThread "Execution worker for ':' Thread 7" [_thread_blocked, id=1080, stack(0x000000002b890000,0x000000002b990000)]
  0x0000000027b6c000 JavaThread "Execution worker for ':' Thread 6" [_thread_blocked, id=9960, stack(0x000000002b150000,0x000000002b250000)]
  0x0000000027b6e000 JavaThread "Execution worker for ':' Thread 5" [_thread_blocked, id=12796, stack(0x000000002ae50000,0x000000002af50000)]
  0x0000000027b6f000 JavaThread "Execution worker for ':' Thread 4" [_thread_blocked, id=13188, stack(0x000000002ad50000,0x000000002ae50000)]
  0x0000000027b67800 JavaThread "Execution worker for ':' Thread 3" [_thread_blocked, id=5300, stack(0x000000002ac50000,0x000000002ad50000)]
  0x0000000027b6d800 JavaThread "Execution worker for ':' Thread 2" [_thread_blocked, id=6140, stack(0x000000002ab50000,0x000000002ac50000)]
  0x0000000027b6b000 JavaThread "Execution worker for ':'" [_thread_blocked, id=9576, stack(0x000000002aa50000,0x000000002ab50000)]
  0x0000000027b66800 JavaThread "Cache worker for file content cache (E:\practisePro\a_shi_xun\AndroidProject\vhome\.gradle\5.4.1\fileContent)" [_thread_blocked, id=9260, stack(0x000000002a410000,0x000000002a510000)]
  0x0000000027b69800 JavaThread "Cache worker for Build Output Cleanup Cache (E:\practisePro\a_shi_xun\AndroidProject\vhome\.gradle\buildOutputCleanup)" [_thread_blocked, id=11508, stack(0x000000002a110000,0x000000002a210000)]
  0x0000000028fd2800 JavaThread "pool-33-thread-1" [_thread_blocked, id=8300, stack(0x0000000029e10000,0x0000000029f10000)]
  0x0000000028fca800 JavaThread "Build operations Thread 8" [_thread_blocked, id=3064, stack(0x0000000029d10000,0x0000000029e10000)]
  0x0000000028fd0000 JavaThread "Build operations Thread 7" [_thread_blocked, id=12028, stack(0x00000000252d0000,0x00000000253d0000)]
  0x0000000028fd1000 JavaThread "Build operations Thread 6" [_thread_blocked, id=8484, stack(0x00000000249d0000,0x0000000024ad0000)]
  0x0000000028fce800 JavaThread "Build operations Thread 5" [_thread_blocked, id=7464, stack(0x00000000248d0000,0x00000000249d0000)]
  0x0000000028fd1800 JavaThread "Build operations Thread 4" [_thread_blocked, id=840, stack(0x00000000247d0000,0x00000000248d0000)]
  0x0000000028fcd800 JavaThread "Build operations Thread 3" [_thread_blocked, id=9440, stack(0x00000000246d0000,0x00000000247d0000)]
  0x0000000028fcf000 JavaThread "Build operations Thread 2" [_thread_blocked, id=1248, stack(0x00000000245d0000,0x00000000246d0000)]
  0x0000000028fc6000 JavaThread "Build operations" [_thread_blocked, id=5720, stack(0x00000000244d0000,0x00000000245d0000)]
  0x0000000028fcc000 JavaThread "Cache worker for cache directory md-rule (C:\Users\HP\.gradle\caches\5.4.1\md-rule)" [_thread_blocked, id=10432, stack(0x00000000243d0000,0x00000000244d0000)]
  0x0000000028fcd000 JavaThread "Cache worker for cache directory md-supplier (C:\Users\HP\.gradle\caches\5.4.1\md-supplier)" [_thread_blocked, id=13092, stack(0x00000000242d0000,0x00000000243d0000)]
  0x0000000028fc7800 JavaThread "Cache worker for file hash cache (E:\practisePro\a_shi_xun\AndroidProject\vhome\.gradle\5.4.1\fileHashes)" [_thread_blocked, id=5368, stack(0x0000000022c40000,0x0000000022d40000)]
  0x0000000028fcb800 JavaThread "Thread-394" [_thread_blocked, id=12092, stack(0x0000000022660000,0x0000000022760000)]
  0x0000000028fc3000 JavaThread "Stdin handler" [_thread_blocked, id=7940, stack(0x0000000021580000,0x0000000021680000)]
  0x0000000028fc4800 JavaThread "Asynchronous log dispatcher for DefaultDaemonConnection: socket connection from /127.0.0.1:8185 to /127.0.0.1:15130" [_thread_blocked, id=12332, stack(0x0000000021480000,0x0000000021580000)]
  0x0000000028fc5800 JavaThread "Daemon worker Thread 8" [_thread_blocked, id=3136, stack(0x0000000020d80000,0x0000000020e80000)]
  0x0000000028fc7000 JavaThread "Cancel handler" [_thread_blocked, id=12012, stack(0x000000001d610000,0x000000001d710000)]
  0x0000000028fc9000 JavaThread "Handler for socket connection from /127.0.0.1:8185 to /127.0.0.1:15130" [_thread_in_native, id=4976, stack(0x000000001d310000,0x000000001d410000)]
  0x0000000028fc8800 JavaThread "Daemon Thread 8" [_thread_blocked, id=11388, stack(0x0000000001420000,0x0000000001520000)]
  0x0000000027b6a800 JavaThread "MarlinRenderer Disposer" daemon [_thread_blocked, id=10444, stack(0x000000002c0f0000,0x000000002c1f0000)]
  0x0000000027b6c800 JavaThread "Java2D Disposer" daemon [_thread_blocked, id=3348, stack(0x000000002bdf0000,0x000000002bef0000)]
  0x0000000021bac800 JavaThread "Cache worker for Java compile cache (C:\Users\HP\.gradle\caches\5.4.1\javaCompile)" [_thread_blocked, id=10648, stack(0x000000002bff0000,0x000000002c0f0000)]
  0x000000001b7ed800 JavaThread "Cache worker for file content cache (C:\Users\HP\.gradle\caches\5.4.1\fileContent)" [_thread_blocked, id=5096, stack(0x0000000029a10000,0x0000000029b10000)]
  0x000000001b7ef000 JavaThread "Memory manager" [_thread_blocked, id=5064, stack(0x00000000259d0000,0x0000000025ad0000)]
  0x00000000222ae800 JavaThread "Cache worker for execution history cache (C:\Users\HP\.gradle\caches\5.4.1\executionHistory)" [_thread_blocked, id=1428, stack(0x0000000022e00000,0x0000000022f00000)]
  0x000000001a32b800 JavaThread "Cache worker for journal cache (C:\Users\HP\.gradle\caches\journal-1)" [_thread_blocked, id=3948, stack(0x000000001eae0000,0x000000001ebe0000)]
  0x000000001a32d000 JavaThread "File lock request listener" [_thread_in_native, id=9072, stack(0x000000001e9e0000,0x000000001eae0000)]
  0x000000001bfb9000 JavaThread "Cache worker for file hash cache (C:\Users\HP\.gradle\caches\5.4.1\fileHashes)" [_thread_blocked, id=12680, stack(0x000000001e6e0000,0x000000001e7e0000)]
  0x000000001b3e6000 JavaThread "Daemon periodic checks" [_thread_blocked, id=7344, stack(0x000000001cd10000,0x000000001ce10000)]
  0x000000001b438000 JavaThread "Incoming local TCP Connector on port 8185" [_thread_in_native, id=12448, stack(0x000000001cb60000,0x000000001cc60000)]
  0x000000001c643000 JavaThread "Daemon health stats" [_thread_blocked, id=1052, stack(0x000000001c860000,0x000000001c960000)]
  0x000000001a3cc000 JavaThread "Service Thread" daemon [_thread_blocked, id=9648, stack(0x000000001ae90000,0x000000001af90000)]
  0x000000001a32d800 JavaThread "C1 CompilerThread3" daemon [_thread_blocked, id=13156, stack(0x000000001ad90000,0x000000001ae90000)]
  0x00000000184dd800 JavaThread "C2 CompilerThread2" daemon [_thread_blocked, id=8364, stack(0x000000001ac90000,0x000000001ad90000)]
  0x00000000184dd000 JavaThread "C2 CompilerThread1" daemon [_thread_blocked, id=12444, stack(0x000000001ab90000,0x000000001ac90000)]
  0x00000000184da800 JavaThread "C2 CompilerThread0" daemon [_thread_blocked, id=13020, stack(0x000000001aa90000,0x000000001ab90000)]
  0x000000001a320800 JavaThread "Attach Listener" daemon [_thread_blocked, id=11940, stack(0x000000001a990000,0x000000001aa90000)]
  0x000000001a2cd800 JavaThread "Signal Dispatcher" daemon [_thread_blocked, id=3468, stack(0x000000001a890000,0x000000001a990000)]
  0x000000001a2b0800 JavaThread "Finalizer" daemon [_thread_blocked, id=13168, stack(0x000000001a790000,0x000000001a890000)]
  0x00000000184cc000 JavaThread "Reference Handler" daemon [_thread_blocked, id=10016, stack(0x000000001a690000,0x000000001a790000)]
  0x0000000003362800 JavaThread "main" [_thread_blocked, id=4356, stack(0x00000000031c0000,0x00000000032c0000)]

Other Threads:
  0x00000000184c8000 VMThread [stack: 0x000000001a190000,0x000000001a290000] [id=11216]
  0x000000001a3cc800 WatcherThread [stack: 0x000000001af90000,0x000000001b090000] [id=11884]

=>0x000000000337b800 (exited) GCTaskThread [stack: 0x00000000130e0000,0x00000000131e0000] [id=7712]

VM state:at safepoint (normal execution)

VM Mutex/Monitor currently owned by a thread:  ([mutex/lock_event])
[0x000000000335dc90] Threads_lock - owner thread: 0x00000000184c8000
[0x000000000335de10] Heap_lock - owner thread: 0x0000000027b6e000

heap address: 0x0000000080000000, size: 2048 MB, Compressed Oops mode: 32-bit
Narrow klass base: 0x0000000000000000, Narrow klass shift: 3
Compressed class space size: 1073741824 Address: 0x0000000100000000

Heap:
 PSYoungGen      total 546304K, used 89781K [0x00000000d5580000, 0x0000000100000000, 0x0000000100000000)
  eden space 409088K, 0% used [0x00000000d5580000,0x00000000d5580000,0x00000000ee500000)
  from space 137216K, 65% used [0x00000000f7a00000,0x00000000fd1ad740,0x0000000100000000)
  to   space 144896K, 0% used [0x00000000ee500000,0x00000000ee500000,0x00000000f7280000)
 ParOldGen       total 803840K, used 736964K [0x0000000080000000, 0x00000000b1100000, 0x00000000d5580000)
  object space 803840K, 91% used [0x0000000080000000,0x00000000acfb13e8,0x00000000b1100000)
 Metaspace       used 113870K, capacity 121898K, committed 122560K, reserved 1157120K
  class space    used 14175K, capacity 15623K, committed 15808K, reserved 1048576K

Card table byte_map: [0x0000000012820000,0x0000000012c30000] byte_map_base: 0x0000000012420000

Marking Bits: (ParMarkBitMap*) 0x0000000076ca9f30
 Begin Bits: [0x00000000136e0000, 0x00000000156e0000)
 End Bits:   [0x00000000156e0000, 0x00000000176e0000)

Polling page: 0x0000000002db0000

CodeCache: size=245760Kb used=107976Kb max_used=108500Kb free=137783Kb
 bounds [0x0000000003460000, 0x0000000009f10000, 0x0000000012460000]
 total_blobs=28927 nmethods=27900 adapters=936
 compilation: enabled

Compilation events (10 events):
Event: 5091.546 Thread 0x000000001a32d800 41516       3       com.sun.tools.javac.comp.LambdaToMethod$KlassInfo::<init> (129 bytes)
Event: 5091.547 Thread 0x000000001a32d800 nmethod 41516 0x0000000009d37510 code [0x0000000009d377c0, 0x0000000009d38b38]
Event: 5091.662 Thread 0x000000001a32d800 41517       3       com.sun.tools.javac.util.Warner::warn (10 bytes)
Event: 5091.662 Thread 0x000000001a32d800 nmethod 41517 0x0000000006c95250 code [0x0000000006c953c0, 0x0000000006c955e8]
Event: 5091.685 Thread 0x00000000184dd000 41518       4       java.util.AbstractQueue::remove (19 bytes)
Event: 5091.689 Thread 0x00000000184dd000 nmethod 41518 0x00000000053c2ad0 code [0x00000000053c2c40, 0x00000000053c2f38]
Event: 5091.691 Thread 0x000000001a32d800 41519       3       com.sun.tools.javac.code.Lint::<init> (35 bytes)
Event: 5091.692 Thread 0x000000001a32d800 nmethod 41519 0x00000000057a8b50 code [0x00000000057a8ce0, 0x00000000057a9098]
Event: 5091.702 Thread 0x000000001a32d800 41520       1       com.sun.tools.javac.jvm.Items$Item::duplicate (1 bytes)
Event: 5091.702 Thread 0x000000001a32d800 nmethod 41520 0x0000000008b7d4d0 code [0x0000000008b7d620, 0x0000000008b7d730]

GC Heap History (10 events):
Event: 5081.666 GC heap after
Heap after GC invocations=151 (full 11):
 PSYoungGen      total 615424K, used 12422K [0x00000000d5580000, 0x00000000ff480000, 0x0000000100000000)
  eden space 542720K, 0% used [0x00000000d5580000,0x00000000d5580000,0x00000000f6780000)
  from space 72704K, 17% used [0x00000000fad80000,0x00000000fb9a1a30,0x00000000ff480000)
  to   space 71680K, 0% used [0x00000000f6780000,0x00000000f6780000,0x00000000fad80000)
 ParOldGen       total 803840K, used 584826K [0x0000000080000000, 0x00000000b1100000, 0x00000000d5580000)
  object space 803840K, 72% used [0x0000000080000000,0x00000000a3b1e818,0x00000000b1100000)
 Metaspace       used 113700K, capacity 121578K, committed 122304K, reserved 1155072K
  class space    used 14155K, capacity 15569K, committed 15808K, reserved 1048576K
}
Event: 5082.635 GC heap before
{Heap before GC invocations=152 (full 11):
 PSYoungGen      total 615424K, used 555142K [0x00000000d5580000, 0x00000000ff480000, 0x0000000100000000)
  eden space 542720K, 100% used [0x00000000d5580000,0x00000000f6780000,0x00000000f6780000)
  from space 72704K, 17% used [0x00000000fad80000,0x00000000fb9a1a30,0x00000000ff480000)
  to   space 71680K, 0% used [0x00000000f6780000,0x00000000f6780000,0x00000000fad80000)
 ParOldGen       total 803840K, used 584826K [0x0000000080000000, 0x00000000b1100000, 0x00000000d5580000)
  object space 803840K, 72% used [0x0000000080000000,0x00000000a3b1e818,0x00000000b1100000)
 Metaspace       used 113726K, capacity 121656K, committed 122304K, reserved 1155072K
  class space    used 14162K, capacity 15582K, committed 15808K, reserved 1048576K
Event: 5082.710 GC heap after
Heap after GC invocations=152 (full 11):
 PSYoungGen      total 614400K, used 68602K [0x00000000d5580000, 0x0000000100000000, 0x0000000100000000)
  eden space 542720K, 0% used [0x00000000d5580000,0x00000000d5580000,0x00000000f6780000)
  from space 71680K, 95% used [0x00000000f6780000,0x00000000faa7e830,0x00000000fad80000)
  to   space 84480K, 0% used [0x00000000fad80000,0x00000000fad80000,0x0000000100000000)
 ParOldGen       total 803840K, used 585468K [0x0000000080000000, 0x00000000b1100000, 0x00000000d5580000)
  object space 803840K, 72% used [0x0000000080000000,0x00000000a3bbf230,0x00000000b1100000)
 Metaspace       used 113726K, capacity 121656K, committed 122304K, reserved 1155072K
  class space    used 14162K, capacity 15582K, committed 15808K, reserved 1048576K
}
Event: 5083.835 GC heap before
{Heap before GC invocations=153 (full 11):
 PSYoungGen      total 614400K, used 611322K [0x00000000d5580000, 0x0000000100000000, 0x0000000100000000)
  eden space 542720K, 100% used [0x00000000d5580000,0x00000000f6780000,0x00000000f6780000)
  from space 71680K, 95% used [0x00000000f6780000,0x00000000faa7e830,0x00000000fad80000)
  to   space 84480K, 0% used [0x00000000fad80000,0x00000000fad80000,0x0000000100000000)
 ParOldGen       total 803840K, used 585468K [0x0000000080000000, 0x00000000b1100000, 0x00000000d5580000)
  object space 803840K, 72% used [0x0000000080000000,0x00000000a3bbf230,0x00000000b1100000)
 Metaspace       used 113761K, capacity 121656K, committed 122304K, reserved 1155072K
  class space    used 14162K, capacity 15582K, committed 15808K, reserved 1048576K
Event: 5084.109 GC heap after
Heap after GC invocations=153 (full 11):
 PSYoungGen      total 537600K, used 84477K [0x00000000d5580000, 0x0000000100000000, 0x0000000100000000)
  eden space 453120K, 0% used [0x00000000d5580000,0x00000000d5580000,0x00000000f1000000)
  from space 84480K, 99% used [0x00000000fad80000,0x00000000fffff6a0,0x0000000100000000)
  to   space 122880K, 0% used [0x00000000f1000000,0x00000000f1000000,0x00000000f8800000)
 ParOldGen       total 803840K, used 646064K [0x0000000080000000, 0x00000000b1100000, 0x00000000d5580000)
  object space 803840K, 80% used [0x0000000080000000,0x00000000a76ec138,0x00000000b1100000)
 Metaspace       used 113761K, capacity 121656K, committed 122304K, reserved 1155072K
  class space    used 14162K, capacity 15582K, committed 15808K, reserved 1048576K
}
Event: 5090.121 GC heap before
{Heap before GC invocations=154 (full 11):
 PSYoungGen      total 537600K, used 537597K [0x00000000d5580000, 0x0000000100000000, 0x0000000100000000)
  eden space 453120K, 100% used [0x00000000d5580000,0x00000000f1000000,0x00000000f1000000)
  from space 84480K, 99% used [0x00000000fad80000,0x00000000fffff6a0,0x0000000100000000)
  to   space 122880K, 0% used [0x00000000f1000000,0x00000000f1000000,0x00000000f8800000)
 ParOldGen       total 803840K, used 646064K [0x0000000080000000, 0x00000000b1100000, 0x00000000d5580000)
  object space 803840K, 80% used [0x0000000080000000,0x00000000a76ec138,0x00000000b1100000)
 Metaspace       used 113858K, capacity 121898K, committed 122560K, reserved 1157120K
  class space    used 14175K, capacity 15623K, committed 15808K, reserved 1048576K
Event: 5090.195 GC heap after
Heap after GC invocations=154 (full 11):
 PSYoungGen      total 551936K, used 98774K [0x00000000d5580000, 0x0000000100000000, 0x0000000100000000)
  eden space 453120K, 0% used [0x00000000d5580000,0x00000000d5580000,0x00000000f1000000)
  from space 98816K, 99% used [0x00000000f1000000,0x00000000f70759a8,0x00000000f7080000)
  to   space 137216K, 0% used [0x00000000f7a00000,0x00000000f7a00000,0x0000000100000000)
 ParOldGen       total 803840K, used 652430K [0x0000000080000000, 0x00000000b1100000, 0x00000000d5580000)
  object space 803840K, 81% used [0x0000000080000000,0x00000000a7d23bf8,0x00000000b1100000)
 Metaspace       used 113858K, capacity 121898K, committed 122560K, reserved 1157120K
  class space    used 14175K, capacity 15623K, committed 15808K, reserved 1048576K
}
Event: 5091.704 GC heap before
{Heap before GC invocations=155 (full 11):
 PSYoungGen      total 551936K, used 551894K [0x00000000d5580000, 0x0000000100000000, 0x0000000100000000)
  eden space 453120K, 100% used [0x00000000d5580000,0x00000000f1000000,0x00000000f1000000)
  from space 98816K, 99% used [0x00000000f1000000,0x00000000f70759a8,0x00000000f7080000)
  to   space 137216K, 0% used [0x00000000f7a00000,0x00000000f7a00000,0x0000000100000000)
 ParOldGen       total 803840K, used 652430K [0x0000000080000000, 0x00000000b1100000, 0x00000000d5580000)
  object space 803840K, 81% used [0x0000000080000000,0x00000000a7d23bf8,0x00000000b1100000)
 Metaspace       used 113870K, capacity 121898K, committed 122560K, reserved 1157120K
  class space    used 14175K, capacity 15623K, committed 15808K, reserved 1048576K
Event: 5091.938 GC heap after
Heap after GC invocations=155 (full 11):
 PSYoungGen      total 546304K, used 89781K [0x00000000d5580000, 0x0000000100000000, 0x0000000100000000)
  eden space 409088K, 0% used [0x00000000d5580000,0x00000000d5580000,0x00000000ee500000)
  from space 137216K, 65% used [0x00000000f7a00000,0x00000000fd1ad740,0x0000000100000000)
  to   space 144896K, 0% used [0x00000000ee500000,0x00000000ee500000,0x00000000f7280000)
 ParOldGen       total 803840K, used 736964K [0x0000000080000000, 0x00000000b1100000, 0x00000000d5580000)
  object space 803840K, 91% used [0x0000000080000000,0x00000000acfb13e8,0x00000000b1100000)
 Metaspace       used 113870K, capacity 121898K, committed 122560K, reserved 1157120K
  class space    used 14175K, capacity 15623K, committed 15808K, reserved 1048576K
}
Event: 5091.950 GC heap before
{Heap before GC invocations=156 (full 12):
 PSYoungGen      total 546304K, used 89781K [0x00000000d5580000, 0x0000000100000000, 0x0000000100000000)
  eden space 409088K, 0% used [0x00000000d5580000,0x00000000d5580000,0x00000000ee500000)
  from space 137216K, 65% used [0x00000000f7a00000,0x00000000fd1ad740,0x0000000100000000)
  to   space 144896K, 0% used [0x00000000ee500000,0x00000000ee500000,0x00000000f7280000)
 ParOldGen       total 803840K, used 736964K [0x0000000080000000, 0x00000000b1100000, 0x00000000d5580000)
  object space 803840K, 91% used [0x0000000080000000,0x00000000acfb13e8,0x00000000b1100000)
 Metaspace       used 113870K, capacity 121898K, committed 122560K, reserved 1157120K
  class space    used 14175K, capacity 15623K, committed 15808K, reserved 1048576K

Deoptimization events (10 events):
Event: 5079.131 Thread 0x0000000027b67800 Uncommon trap: reason=class_check action=maybe_recompile pc=0x0000000005a04b64 method=com.sun.tools.javac.util.Position$LineMapImpl.build([CI)V @ 93
Event: 5079.322 Thread 0x0000000027b67800 Uncommon trap: reason=unstable_if action=reinterpret pc=0x000000000932a270 method=com.sun.tools.javac.comp.Attr.visitSelect(Lcom/sun/tools/javac/tree/JCTree$JCFieldAccess;)V @ 944
Event: 5080.732 Thread 0x0000000027b72800 Uncommon trap: reason=bimorphic action=maybe_recompile pc=0x0000000009501f34 method=com.google.gson.stream.JsonWriter.string(Ljava/lang/String;)V @ 23
Event: 5080.732 Thread 0x0000000027b72800 Uncommon trap: reason=bimorphic action=maybe_recompile pc=0x0000000007bdcde0 method=com.google.gson.stream.JsonWriter.beforeValue()V @ 111
Event: 5080.914 Thread 0x0000000027b6c000 Uncommon trap: reason=unstable_if action=reinterpret pc=0x0000000009be23a0 method=com.sun.org.apache.xerces.internal.dom.ParentNode.nodeListItem(I)Lorg/w3c/dom/Node; @ 15
Event: 5081.179 Thread 0x0000000027b6f000 Uncommon trap: reason=array_check action=maybe_recompile pc=0x00000000097089e8 method=com.google.common.collect.ImmutableList.copyIntoArray([Ljava/lang/Object;I)I @ 25
Event: 5081.179 Thread 0x0000000027b6f000 Uncommon trap: reason=array_check action=maybe_recompile pc=0x00000000097089e8 method=com.google.common.collect.ImmutableList.copyIntoArray([Ljava/lang/Object;I)I @ 25
Event: 5081.179 Thread 0x0000000027b6f000 Uncommon trap: reason=array_check action=maybe_recompile pc=0x00000000097089e8 method=com.google.common.collect.ImmutableList.copyIntoArray([Ljava/lang/Object;I)I @ 25
Event: 5081.179 Thread 0x0000000027b6f000 Uncommon trap: reason=array_check action=maybe_recompile pc=0x00000000097089e8 method=com.google.common.collect.ImmutableList.copyIntoArray([Ljava/lang/Object;I)I @ 25
Event: 5082.791 Thread 0x00000000222ad800 Uncommon trap: reason=unstable_if action=reinterpret pc=0x000000000887493c method=java.util.concurrent.ForkJoinTask.setCompletion(I)I @ 25

Classes redefined (0 events):
No events

Internal exceptions (10 events):
Event: 5081.862 Thread 0x0000000021b93800 Exception <a 'sun/nio/fs/WindowsException'> (0x00000000e1780538) thrown at [D:\src\AOSP-openjdk-cygwin\jdk8u\hotspot\src\share\vm\prims\jni.cpp, line 710]
Event: 5081.866 Thread 0x0000000027b73800 Exception <a 'sun/nio/fs/WindowsException'> (0x00000000dda459f8) thrown at [D:\src\AOSP-openjdk-cygwin\jdk8u\hotspot\src\share\vm\prims\jni.cpp, line 710]
Event: 5081.866 Thread 0x0000000027b73800 Exception <a 'sun/nio/fs/WindowsException'> (0x00000000dda465d8) thrown at [D:\src\AOSP-openjdk-cygwin\jdk8u\hotspot\src\share\vm\prims\jni.cpp, line 710]
Event: 5081.883 Thread 0x0000000027b73800 Exception <a 'sun/nio/fs/WindowsException'> (0x00000000dda51620) thrown at [D:\src\AOSP-openjdk-cygwin\jdk8u\hotspot\src\share\vm\prims\jni.cpp, line 710]
Event: 5081.883 Thread 0x0000000027b73800 Exception <a 'sun/nio/fs/WindowsException'> (0x00000000dda522c8) thrown at [D:\src\AOSP-openjdk-cygwin\jdk8u\hotspot\src\share\vm\prims\jni.cpp, line 710]
Event: 5081.884 Thread 0x0000000027b73800 Exception <a 'sun/nio/fs/WindowsException'> (0x00000000dda5d3e8) thrown at [D:\src\AOSP-openjdk-cygwin\jdk8u\hotspot\src\share\vm\prims\jni.cpp, line 710]
Event: 5081.884 Thread 0x0000000027b73800 Exception <a 'sun/nio/fs/WindowsException'> (0x00000000dda5e0a0) thrown at [D:\src\AOSP-openjdk-cygwin\jdk8u\hotspot\src\share\vm\prims\jni.cpp, line 710]
Event: 5082.385 Thread 0x0000000027b6f800 Exception <a 'sun/nio/fs/WindowsException'> (0x00000000ee5cf8d8) thrown at [D:\src\AOSP-openjdk-cygwin\jdk8u\hotspot\src\share\vm\prims\jni.cpp, line 710]
Event: 5083.634 Thread 0x00000000222aa800 Exception <a 'sun/nio/fs/WindowsException'> (0x00000000eedb7a48) thrown at [D:\src\AOSP-openjdk-cygwin\jdk8u\hotspot\src\share\vm\prims\jni.cpp, line 710]
Event: 5084.242 Thread 0x00000000222ac000 Exception <a 'sun/nio/fs/WindowsException'> (0x00000000d69b4cd0) thrown at [D:\src\AOSP-openjdk-cygwin\jdk8u\hotspot\src\share\vm\prims\jni.cpp, line 710]

Events (10 events):
Event: 5090.376 Thread 0x000000001a32d800 flushing nmethod 0x0000000009c89a90
Event: 5090.376 Thread 0x000000001a32d800 flushing nmethod 0x0000000009c930d0
Event: 5090.376 Thread 0x000000001a32d800 flushing nmethod 0x0000000009ccecd0
Event: 5090.376 Thread 0x000000001a32d800 flushing nmethod 0x0000000009cdd750
Event: 5090.377 Thread 0x000000001a32d800 flushing nmethod 0x0000000009d37410
Event: 5090.711 Executing VM operation: ForceSafepoint
Event: 5090.712 Executing VM operation: ForceSafepoint done
Event: 5091.431 Executing VM operation: ForceSafepoint
Event: 5091.432 Executing VM operation: ForceSafepoint done
Event: 5091.704 Executing VM operation: ParallelGCFailedAllocation


Dynamic libraries:
0x00007ff6ef8e0000 - 0x00007ff6ef911000 	D:\soft\android\android-studio\jre\bin\java.exe
0x00007ffdfed40000 - 0x00007ffdfef30000 	C:\WINDOWS\SYSTEM32\ntdll.dll
0x00007ffdfe6a0000 - 0x00007ffdfe752000 	C:\WINDOWS\System32\KERNEL32.DLL
0x00007ffdfca70000 - 0x00007ffdfcd13000 	C:\WINDOWS\System32\KERNELBASE.dll
0x00007ffdfcec0000 - 0x00007ffdfcf63000 	C:\WINDOWS\System32\ADVAPI32.dll
0x00007ffdfda20000 - 0x00007ffdfdabe000 	C:\WINDOWS\System32\msvcrt.dll
0x00007ffdfe8c0000 - 0x00007ffdfe957000 	C:\WINDOWS\System32\sechost.dll
0x00007ffdfd020000 - 0x00007ffdfd140000 	C:\WINDOWS\System32\RPCRT4.dll
0x00007ffdfdc80000 - 0x00007ffdfde14000 	C:\WINDOWS\System32\USER32.dll
0x00007ffdfcd40000 - 0x00007ffdfcd61000 	C:\WINDOWS\System32\win32u.dll
0x00007ffdfd140000 - 0x00007ffdfd166000 	C:\WINDOWS\System32\GDI32.dll
0x00007ffdfc640000 - 0x00007ffdfc7d4000 	C:\WINDOWS\System32\gdi32full.dll
0x00007ffdfbcd0000 - 0x00007ffdfbd6e000 	C:\WINDOWS\System32\msvcp_win.dll
0x00007ffdfc4f0000 - 0x00007ffdfc5ea000 	C:\WINDOWS\System32\ucrtbase.dll
0x00007ffdeb390000 - 0x00007ffdeb615000 	C:\WINDOWS\WinSxS\amd64_microsoft.windows.common-controls_6595b64144ccf1df_6.0.18362.535_none_e6c3b34713100821\COMCTL32.dll
0x00007ffdfe9c0000 - 0x00007ffdfecf6000 	C:\WINDOWS\System32\combase.dll
0x00007ffdfcd70000 - 0x00007ffdfcdf0000 	C:\WINDOWS\System32\bcryptPrimitives.dll
0x00007ffdfe030000 - 0x00007ffdfe05e000 	C:\WINDOWS\System32\IMM32.DLL
0x00000000775d0000 - 0x00000000776a2000 	D:\soft\android\android-studio\jre\jre\bin\msvcr100.dll
0x00000000764e0000 - 0x0000000076d26000 	D:\soft\android\android-studio\jre\jre\bin\server\jvm.dll
0x00007ffdfdc70000 - 0x00007ffdfdc78000 	C:\WINDOWS\System32\PSAPI.DLL
0x00007ffdfb680000 - 0x00007ffdfb689000 	C:\WINDOWS\SYSTEM32\WSOCK32.dll
0x00007ffdfde30000 - 0x00007ffdfde9f000 	C:\WINDOWS\System32\WS2_32.dll
0x00007ffdfb2d0000 - 0x00007ffdfb2da000 	C:\WINDOWS\SYSTEM32\VERSION.dll
0x00007ffdf8e40000 - 0x00007ffdf8e64000 	C:\WINDOWS\SYSTEM32\WINMM.dll
0x00007ffdf8e10000 - 0x00007ffdf8e3d000 	C:\WINDOWS\SYSTEM32\winmmbase.dll
0x00007ffdfc5f0000 - 0x00007ffdfc63a000 	C:\WINDOWS\System32\cfgmgr32.dll
0x00007ffdf6150000 - 0x00007ffdf615f000 	D:\soft\android\android-studio\jre\jre\bin\verify.dll
0x00007ffdebcb0000 - 0x00007ffdebcd9000 	D:\soft\android\android-studio\jre\jre\bin\java.dll
0x00007ffde9430000 - 0x00007ffde9446000 	D:\soft\android\android-studio\jre\jre\bin\zip.dll
0x00007ffdfd330000 - 0x00007ffdfda15000 	C:\WINDOWS\System32\SHELL32.dll
0x00007ffdfdf80000 - 0x00007ffdfe029000 	C:\WINDOWS\System32\shcore.dll
0x00007ffdfbd70000 - 0x00007ffdfc4ef000 	C:\WINDOWS\System32\windows.storage.dll
0x00007ffdfbc90000 - 0x00007ffdfbcaf000 	C:\WINDOWS\System32\profapi.dll
0x00007ffdfbc40000 - 0x00007ffdfbc8a000 	C:\WINDOWS\System32\powrprof.dll
0x00007ffdfbc10000 - 0x00007ffdfbc20000 	C:\WINDOWS\System32\UMPDC.dll
0x00007ffdfe960000 - 0x00007ffdfe9b2000 	C:\WINDOWS\System32\shlwapi.dll
0x00007ffdfbc20000 - 0x00007ffdfbc31000 	C:\WINDOWS\System32\kernel.appcore.dll
0x00007ffdfcd20000 - 0x00007ffdfcd37000 	C:\WINDOWS\System32\cryptsp.dll
0x00007ffde5120000 - 0x00007ffde513a000 	D:\soft\android\android-studio\jre\jre\bin\net.dll
0x00007ffdfafb0000 - 0x00007ffdfb017000 	C:\WINDOWS\system32\mswsock.dll
0x00007ffde5100000 - 0x00007ffde5111000 	D:\soft\android\android-studio\jre\jre\bin\nio.dll
0x00007ffdf40b0000 - 0x00007ffdf40d6000 	C:\Users\HP\.gradle\native\29\windows-amd64\native-platform.dll
0x00007ffdeb620000 - 0x00007ffdeb62d000 	D:\soft\android\android-studio\jre\jre\bin\management.dll
0x00007ffdfab30000 - 0x00007ffdfab63000 	C:\WINDOWS\system32\rsaenh.dll
0x00007ffdfc840000 - 0x00007ffdfc866000 	C:\WINDOWS\System32\bcrypt.dll
0x00007ffdfbb00000 - 0x00007ffdfbb25000 	C:\WINDOWS\SYSTEM32\USERENV.dll
0x00007ffdfb180000 - 0x00007ffdfb18c000 	C:\WINDOWS\SYSTEM32\CRYPTBASE.dll
0x00007ffdfacd0000 - 0x00007ffdfad0a000 	C:\WINDOWS\SYSTEM32\IPHLPAPI.DLL
0x00007ffdfdea0000 - 0x00007ffdfdea8000 	C:\WINDOWS\System32\NSI.dll
0x00007ffdef790000 - 0x00007ffdef7a6000 	C:\WINDOWS\SYSTEM32\dhcpcsvc6.DLL
0x00007ffdef770000 - 0x00007ffdef78c000 	C:\WINDOWS\SYSTEM32\dhcpcsvc.DLL
0x00007ffdfad10000 - 0x00007ffdfadda000 	C:\WINDOWS\SYSTEM32\DNSAPI.dll
0x00007ffdd4530000 - 0x00007ffdd4554000 	D:\soft\android\android-studio\jre\jre\bin\sunec.dll
0x00007ffdf6650000 - 0x00007ffdf665a000 	C:\Windows\System32\rasadhlp.dll
0x00007ffdef1e0000 - 0x00007ffdef257000 	C:\WINDOWS\System32\fwpuclnt.dll
0x00007ffded0a0000 - 0x00007ffded0ab000 	D:\soft\android\android-studio\jre\jre\bin\sunmscapi.dll
0x00007ffdfc870000 - 0x00007ffdfc9b9000 	C:\WINDOWS\System32\CRYPT32.dll
0x00007ffdfbcb0000 - 0x00007ffdfbcc2000 	C:\WINDOWS\System32\MSASN1.dll
0x00007ffdfb6c0000 - 0x00007ffdfb6f1000 	C:\WINDOWS\SYSTEM32\ntmarta.dll
0x00007ffdc4040000 - 0x00007ffdc41dc000 	D:\soft\android\android-studio\jre\jre\bin\awt.dll
0x00007ffdfdeb0000 - 0x00007ffdfdf74000 	C:\WINDOWS\System32\OLEAUT32.dll
0x00007ffdf9b30000 - 0x00007ffdf9b5d000 	C:\WINDOWS\SYSTEM32\dwmapi.dll
0x00007ffdf8190000 - 0x00007ffdf8750000 	C:\WINDOWS\SYSTEM32\d2d1.dll
0x00007ffdf9880000 - 0x00007ffdf990f000 	C:\WINDOWS\SYSTEM32\apphelp.dll
0x00007ffdf9a10000 - 0x00007ffdf9aa9000 	C:\WINDOWS\system32\uxtheme.dll

VM Arguments:
jvm_args: -XX:MaxPermSize=512m -XX:+HeapDumpOnOutOfMemoryError -Xmx2048m -Dfile.encoding=UTF-8 -Duser.country=CN -Duser.language=zh -Duser.variant 
java_command: org.gradle.launcher.daemon.bootstrap.GradleDaemon 5.4.1
java_class_path (initial): C:\Users\HP\.gradle\wrapper\dists\gradle-5.4.1-all\3221gyojl5jsh0helicew7rwx\gradle-5.4.1\lib\gradle-launcher-5.4.1.jar
Launcher Type: SUN_STANDARD

Environment Variables:
JAVA_HOME=D:\soft\eclipse\jdk
CLASSPATH=D:\soft\eclipse\jdk\lib\dt.jar;D:\soft\eclipse\jdk\lib\tools.jar
PATH=C:\Program Files (x86)\Common Files\Oracle\Java\javapath;C:\WINDOWS\system32;C:\WINDOWS;C:\WINDOWS\System32\Wbem;C:\WINDOWS\System32\WindowsPowerShell\v1.0\;C:\WINDOWS\System32\OpenSSH\;C:\Program Files\Intel\WiFi\bin\;C:\Program Files\Common Files\Intel\WirelessCommon\;C:\Program Files (x86)\Microsoft SQL Server\100\Tools\Binn\;C:\Program Files\Microsoft SQL Server\100\Tools\Binn\;C:\Program Files\Microsoft SQL Server\100\DTS\Binn\;C:\Program Files (x86)\Microsoft SQL Server\100\Tools\Binn\VSShell\Common7\IDE\;C:\Program Files (x86)\Microsoft SQL Server\100\DTS\Binn\;C:\Program Files (x86)\Microsoft Visual Studio 9.0\Common7\IDE\PrivateAssemblies\;C:\Program Files\Microsoft\Web Platform Installer\;C:\Program Files (x86)\Microsoft ASP.NET\ASP.NET Web Pages\v1.0\;D:\soft\eclipse\jdk\bin;D:\soft\git\Git\cmd;C:\Program Files (x86)\Windows Kits\8.0\Windows Performance Toolkit\;C:\Program Files\Microsoft SQL Server\110\Tools\Binn\;C:\Users\HP\AppData\Local\Microsoft\WindowsApps;C:\Program Files\Intel\WiFi\bin\;C:\Program Files\Common Files\Intel\WirelessCommon\;
USERNAME=HP
OS=Windows_NT
PROCESSOR_IDENTIFIER=Intel64 Family 6 Model 158 Stepping 10, GenuineIntel



---------------  S Y S T E M  ---------------

OS: Windows 10.0 , 64 bit Build 18362 (10.0.18362.329)

CPU:total 8 (initial active 8) (4 cores per cpu, 2 threads per core) family 6 model 158 stepping 10, cmov, cx8, fxsr, mmx, sse, sse2, sse3, ssse3, sse4.1, sse4.2, popcnt, avx, avx2, aes, clmul, erms, 3dnowpref, lzcnt, ht, tsc, tscinvbit, bmi1, bmi2, adx

Memory: 4k page, physical 8275184k(407024k free), swap 18236656k(6579504k free)

vm_info: OpenJDK 64-Bit Server VM (25.202-b03) for windows-amd64 JRE (1.8.0_202-release-1483-b03), built by "builder" with MS VC++ 10.0 (VS2010)

time: Mon Dec 16 15:20:37 2019
timezone: 中国标准时间
elapsed time: 5092 seconds (0d 1h 24m 52s)

