#
# A fatal error has been detected by the Java Runtime Environment:
#
#  EXCEPTION_ACCESS_VIOLATION (0xc0000005) at pc=0x0000000076901ad1, pid=13372, tid=0x00000000000033c4
#
# JRE version: OpenJDK Runtime Environment (8.0_202-b03) (build 1.8.0_202-release-1483-b03)
# Java VM: OpenJDK 64-Bit Server VM (25.202-b03 mixed mode windows-amd64 compressed oops)
# Problematic frame:
# V  [jvm.dll+0x421ad1]
#
# Failed to write core dump. Minidumps are not enabled by default on client versions of Windows
#
# If you would like to submit a bug report, please visit:
#   http://bugreport.java.com/bugreport/crash.jsp
#

---------------  T H R E A D  ---------------

Current thread (0x000000001a420800):  JavaThread "C2 CompilerThread2" daemon [_thread_in_native, id=13252, stack(0x000000001ad90000,0x000000001ae90000)]

siginfo: ExceptionCode=0xc0000005, reading address 0x000000040000002c

Registers:
RAX=0x0000000400000004, RBX=0x000000001f55bb78, RCX=0x000000001f55bb78, RDX=0x0000000000000000
RSP=0x000000001ae8c6c0, RBP=0x0000000400000004, RSI=0x0000000000000001, RDI=0x000000001ae8edf8
R8 =0x000000002f4a3580, R9 =0x0000000000000000, R10=0x000000001f55ba88, R11=0x0000000000000002
R12=0x000000002f4a3580, R13=0x0000000076b08a18, R14=0x000000001ae8c820, R15=0x0000000000000149
RIP=0x0000000076901ad1, EFLAGS=0x0000000000010202

Top of Stack: (sp=0x000000001ae8c6c0)
0x000000001ae8c6c0:   000000002f4a3580 000000001f55ba00
0x000000001ae8c6d0:   000000001f55ba00 000000001ae8edf8
0x000000001ae8c6e0:   000000002cb0e8d0 000000002cb19340
0x000000001ae8c6f0:   000000002cb0e0e0 000000001a3c7580
0x000000001ae8c700:   0000000076b1b358 000000001a3c7580
0x000000001ae8c710:   0000000000000100 000000001b977110
0x000000001ae8c720:   000000001ae8c9e0 0000000000154238
0x000000001ae8c730:   000000001a3c7580 000000001ae8c820
0x000000001ae8c740:   0000000021a29a38 0000000076903956
0x000000001ae8c750:   00000000307eab90 00000000307f2b50
0x000000001ae8c760:   00000000307f2b78 0000000021a29a38
0x000000001ae8c770:   0000000076a8b328 000000001ae8ec60
0x000000001ae8c780:   0000000000000001 0000000003500848
0x000000001ae8c790:   0000000000000000 00000000769218c8
0x000000001ae8c7a0:   000000001ae8ec60 000000001ae8c8a0
0x000000001ae8c7b0:   0000000000000001 0000000000000000 

Instructions: (pc=0x0000000076901ad1)
0x0000000076901ab1:   55 20 3b 55 24 75 08 48 8b cd e8 50 24 0a 00 8b
0x0000000076901ac1:   4d 20 48 8b 45 10 4c 89 24 c8 ff 45 20 48 8b dd
0x0000000076901ad1:   8b 4d 28 8b c1 c1 e8 05 3b 44 24 50 72 11 48 8b
0x0000000076901ae1:   44 24 40 8b d1 48 8d 4c 24 40 ff 50 18 eb 30 48 


Register to memory mapping:

RAX=0x0000000400000004 is an unknown value
RBX=0x000000001f55bb78 is an unknown value
RCX=0x000000001f55bb78 is an unknown value
RDX=0x0000000000000000 is an unknown value
RSP=0x000000001ae8c6c0 is pointing into the stack for thread: 0x000000001a420800
RBP=0x0000000400000004 is an unknown value
RSI=0x0000000000000001 is an unknown value
RDI=0x000000001ae8edf8 is pointing into the stack for thread: 0x000000001a420800
R8 =0x000000002f4a3580 is an unknown value
R9 =0x0000000000000000 is an unknown value
R10=0x000000001f55ba88 is an unknown value
R11=0x0000000000000002 is an unknown value
R12=0x000000002f4a3580 is an unknown value
R13=0x0000000076b08a18 is an unknown value
R14=0x000000001ae8c820 is pointing into the stack for thread: 0x000000001a420800
R15=0x0000000000000149 is an unknown value


Stack: [0x000000001ad90000,0x000000001ae90000],  sp=0x000000001ae8c6c0,  free space=1009k
Native frames: (J=compiled Java code, j=interpreted, Vv=VM code, C=native code)
V  [jvm.dll+0x421ad1]
V  [jvm.dll+0x423956]
V  [jvm.dll+0x4418c8]
V  [jvm.dll+0x4442b8]
V  [jvm.dll+0x4273d2]
V  [jvm.dll+0x8215f]
V  [jvm.dll+0x82abf]
V  [jvm.dll+0x21db7f]
V  [jvm.dll+0x26f5ba]
C  [msvcr100.dll+0x21d9f]
C  [msvcr100.dll+0x21e3b]
C  [KERNEL32.DLL+0x17bd4]
C  [ntdll.dll+0x6ced1]


Current CompileTask:
C2:1399420 27974       4       org.gradle.api.internal.artifacts.configurations.Configurations::collectCapabilities (73 bytes)


---------------  P R O C E S S  ---------------

Java Threads: ( => current thread )
  0x000000001d9b5000 JavaThread "Cache worker for execution history cache (E:\practisePro\a_shi_xun\AndroidProject\vhome\.gradle\5.4.1\executionHistory)" [_thread_blocked, id=8820, stack(0x0000000028c50000,0x0000000028d50000)]
  0x000000001d9ac800 JavaThread "Execution worker for ':' Thread 7" [_thread_in_native, id=7416, stack(0x00000000289e0000,0x0000000028ae0000)]
  0x000000001d9ac000 JavaThread "Execution worker for ':' Thread 6" [_thread_blocked, id=11636, stack(0x00000000288e0000,0x00000000289e0000)]
  0x000000001d9b2800 JavaThread "Execution worker for ':' Thread 5" [_thread_blocked, id=3924, stack(0x00000000285e0000,0x00000000286e0000)]
  0x000000001d9ab000 JavaThread "Execution worker for ':' Thread 4" [_thread_in_native, id=3284, stack(0x00000000284e0000,0x00000000285e0000)]
  0x000000001d9af800 JavaThread "Execution worker for ':' Thread 3" [_thread_blocked, id=10724, stack(0x00000000283e0000,0x00000000284e0000)]
  0x000000001d9b2000 JavaThread "Execution worker for ':' Thread 2" [_thread_blocked, id=12156, stack(0x00000000282e0000,0x00000000283e0000)]
  0x000000001d9b0800 JavaThread "Execution worker for ':'" [_thread_blocked, id=2784, stack(0x00000000281e0000,0x00000000282e0000)]
  0x000000001d9aa800 JavaThread "Cache worker for file content cache (E:\practisePro\a_shi_xun\AndroidProject\vhome\.gradle\5.4.1\fileContent)" [_thread_blocked, id=1716, stack(0x00000000279e0000,0x0000000027ae0000)]
  0x000000001d9af000 JavaThread "Cache worker for Build Output Cleanup Cache (E:\practisePro\a_shi_xun\AndroidProject\vhome\.gradle\buildOutputCleanup)" [_thread_blocked, id=10900, stack(0x00000000277e0000,0x00000000278e0000)]
  0x000000001d9ae000 JavaThread "pool-6-thread-1" [_thread_blocked, id=10232, stack(0x0000000026150000,0x0000000026250000)]
  0x000000001f4f3000 JavaThread "Build operations Thread 8" [_thread_blocked, id=8632, stack(0x0000000025100000,0x0000000025200000)]
  0x000000001f4f1800 JavaThread "Build operations Thread 7" [_thread_blocked, id=11672, stack(0x0000000024e00000,0x0000000024f00000)]
  0x000000001f4f4000 JavaThread "Build operations Thread 6" [_thread_blocked, id=11900, stack(0x0000000024900000,0x0000000024a00000)]
  0x000000001f4f7000 JavaThread "Build operations Thread 5" [_thread_blocked, id=7652, stack(0x0000000024800000,0x0000000024900000)]
  0x000000001f4f6000 JavaThread "Build operations Thread 4" [_thread_blocked, id=2276, stack(0x0000000024700000,0x0000000024800000)]
  0x000000001f4f5800 JavaThread "Build operations Thread 3" [_thread_blocked, id=7184, stack(0x0000000024600000,0x0000000024700000)]
  0x000000001f4f2800 JavaThread "Build operations Thread 2" [_thread_blocked, id=3872, stack(0x0000000024500000,0x0000000024600000)]
  0x000000001f4ea000 JavaThread "Build operations" [_thread_blocked, id=10500, stack(0x0000000023f30000,0x0000000024030000)]
  0x000000001f4f0000 JavaThread "Cache worker for cache directory md-rule (C:\Users\HP\.gradle\caches\5.4.1\md-rule)" [_thread_blocked, id=4988, stack(0x00000000226a0000,0x00000000227a0000)]
  0x000000001f4f1000 JavaThread "Cache worker for cache directory md-supplier (C:\Users\HP\.gradle\caches\5.4.1\md-supplier)" [_thread_blocked, id=8624, stack(0x0000000021530000,0x0000000021630000)]
  0x000000001f4e9800 JavaThread "Cache worker for file hash cache (E:\practisePro\a_shi_xun\AndroidProject\vhome\.gradle\5.4.1\fileHashes)" [_thread_blocked, id=9020, stack(0x0000000020dd0000,0x0000000020ed0000)]
  0x000000001f4eb800 JavaThread "Thread-111" [_thread_blocked, id=11936, stack(0x000000001d660000,0x000000001d760000)]
  0x000000001f4e8800 JavaThread "Stdin handler" [_thread_blocked, id=3128, stack(0x000000001d360000,0x000000001d460000)]
  0x000000001f4ef800 JavaThread "Asynchronous log dispatcher for DefaultDaemonConnection: socket connection from /127.0.0.1:60381 to /127.0.0.1:4169" [_thread_blocked, id=10312, stack(0x000000001d260000,0x000000001d360000)]
  0x000000001f4ed000 JavaThread "Daemon worker Thread 3" [_thread_blocked, id=1688, stack(0x000000001cf60000,0x000000001d060000)]
  0x000000001f4ee800 JavaThread "Cancel handler" [_thread_blocked, id=4256, stack(0x000000001ce60000,0x000000001cf60000)]
  0x000000001f4ec800 JavaThread "Handler for socket connection from /127.0.0.1:60381 to /127.0.0.1:4169" [_thread_in_native, id=2392, stack(0x0000000001350000,0x0000000001450000)]
  0x000000001f4eb000 JavaThread "Daemon Thread 3" [_thread_blocked, id=11736, stack(0x0000000001250000,0x0000000001350000)]
  0x000000001d9b3800 JavaThread "MarlinRenderer Disposer" daemon [_thread_blocked, id=3912, stack(0x0000000001450000,0x0000000001550000)]
  0x000000001d9ad800 JavaThread "Java2D Disposer" daemon [_thread_blocked, id=10236, stack(0x0000000029620000,0x0000000029720000)]
  0x000000001d9b1000 JavaThread "Cache worker for Java compile cache (C:\Users\HP\.gradle\caches\5.4.1\javaCompile)" [_thread_blocked, id=11272, stack(0x0000000029b20000,0x0000000029c20000)]
  0x000000001f4f4800 JavaThread "Cache worker for file content cache (C:\Users\HP\.gradle\caches\5.4.1\fileContent)" [_thread_blocked, id=12896, stack(0x00000000278e0000,0x00000000279e0000)]
  0x0000000022125000 JavaThread "Memory manager" [_thread_blocked, id=3520, stack(0x0000000025400000,0x0000000025500000)]
  0x000000002211c800 JavaThread "Cache worker for execution history cache (C:\Users\HP\.gradle\caches\5.4.1\executionHistory)" [_thread_blocked, id=5040, stack(0x0000000023c30000,0x0000000023d30000)]
  0x000000001c17d000 JavaThread "Cache worker for journal cache (C:\Users\HP\.gradle\caches\journal-1)" [_thread_blocked, id=9928, stack(0x000000001e930000,0x000000001ea30000)]
  0x000000001c17c800 JavaThread "File lock request listener" [_thread_in_native, id=1184, stack(0x000000001e830000,0x000000001e930000)]
  0x000000001c88c000 JavaThread "Cache worker for file hash cache (C:\Users\HP\.gradle\caches\5.4.1\fileHashes)" [_thread_blocked, id=9468, stack(0x000000001e730000,0x000000001e830000)]
  0x000000001b1ef000 JavaThread "Daemon periodic checks" [_thread_blocked, id=12844, stack(0x000000001cd60000,0x000000001ce60000)]
  0x000000001a711800 JavaThread "Incoming local TCP Connector on port 60381" [_thread_in_native, id=12080, stack(0x000000001cc60000,0x000000001cd60000)]
  0x000000001c699000 JavaThread "Daemon health stats" [_thread_blocked, id=12352, stack(0x000000001c960000,0x000000001ca60000)]
  0x000000001a4b2800 JavaThread "Service Thread" daemon [_thread_blocked, id=8000, stack(0x000000001af90000,0x000000001b090000)]
  0x000000001a427000 JavaThread "C1 CompilerThread3" daemon [_thread_blocked, id=12044, stack(0x000000001ae90000,0x000000001af90000)]
=>0x000000001a420800 JavaThread "C2 CompilerThread2" daemon [_thread_in_native, id=13252, stack(0x000000001ad90000,0x000000001ae90000)]
  0x000000001a41f800 JavaThread "C2 CompilerThread1" daemon [_thread_in_native, id=13568, stack(0x000000001ac90000,0x000000001ad90000)]
  0x000000001a41b800 JavaThread "C2 CompilerThread0" daemon [_thread_in_native, id=12428, stack(0x000000001ab90000,0x000000001ac90000)]
  0x000000001a41a000 JavaThread "Attach Listener" daemon [_thread_blocked, id=12416, stack(0x000000001aa90000,0x000000001ab90000)]
  0x000000001a3c8800 JavaThread "Signal Dispatcher" daemon [_thread_blocked, id=2572, stack(0x000000001a990000,0x000000001aa90000)]
  0x000000001a3b1800 JavaThread "Finalizer" daemon [_thread_blocked, id=5128, stack(0x000000001a890000,0x000000001a990000)]
  0x000000001a3b0800 JavaThread "Reference Handler" daemon [_thread_blocked, id=5844, stack(0x000000001a790000,0x000000001a890000)]
  0x0000000003422800 JavaThread "main" [_thread_blocked, id=5988, stack(0x0000000003220000,0x0000000003320000)]

Other Threads:
  0x0000000018588000 VMThread [stack: 0x000000001a290000,0x000000001a390000] [id=11032]
  0x000000001a4c3800 WatcherThread [stack: 0x000000001b090000,0x000000001b190000] [id=11452]

VM state:not at safepoint (normal execution)

VM Mutex/Monitor currently owned by a thread: None

heap address: 0x0000000080000000, size: 2048 MB, Compressed Oops mode: 32-bit
Narrow klass base: 0x0000000000000000, Narrow klass shift: 3
Compressed class space size: 1073741824 Address: 0x0000000100000000

Heap:
 PSYoungGen      total 574464K, used 238250K [0x00000000d5580000, 0x0000000100000000, 0x0000000100000000)
  eden space 450048K, 48% used [0x00000000d5580000,0x00000000e2b67388,0x00000000f0d00000)
  from space 124416K, 15% used [0x00000000f0d00000,0x00000000f1fc37f0,0x00000000f8680000)
  to   space 119808K, 0% used [0x00000000f8b00000,0x00000000f8b00000,0x0000000100000000)
 ParOldGen       total 349184K, used 213253K [0x0000000080000000, 0x0000000095500000, 0x00000000d5580000)
  object space 349184K, 61% used [0x0000000080000000,0x000000008d041730,0x0000000095500000)
 Metaspace       used 100996K, capacity 106474K, committed 106840K, reserved 1142784K
  class space    used 12747K, capacity 13819K, committed 13952K, reserved 1048576K

Card table byte_map: [0x00000000128e0000,0x0000000012cf0000] byte_map_base: 0x00000000124e0000

Marking Bits: (ParMarkBitMap*) 0x0000000076ca9f30
 Begin Bits: [0x00000000137a0000, 0x00000000157a0000)
 End Bits:   [0x00000000157a0000, 0x00000000177a0000)

Polling page: 0x00000000015a0000

CodeCache: size=245760Kb used=74336Kb max_used=74336Kb free=171423Kb
 bounds [0x0000000003520000, 0x0000000007e20000, 0x0000000012520000]
 total_blobs=22456 nmethods=21463 adapters=901
 compilation: enabled

Compilation events (10 events):
Event: 1399.288 Thread 0x000000001a41f800 nmethod 28069 0x00000000047e1550 code [0x00000000047e1680, 0x00000000047e16d8]
Event: 1399.310 Thread 0x000000001a41f800 28092   !   4       org.gradle.internal.Cast::cast (45 bytes)
Event: 1399.312 Thread 0x000000001a41f800 nmethod 28092 0x0000000007e08ad0 code [0x0000000007e08c00, 0x0000000007e08cf8]
Event: 1399.316 Thread 0x000000001a41f800 28093       4       org.gradle.internal.execution.history.changes.PropertyChanges::accept (21 bytes)
Event: 1399.318 Thread 0x000000001a41f800 nmethod 28093 0x0000000007e0b7d0 code [0x0000000007e0b920, 0x0000000007e0ba28]
Event: 1399.318 Thread 0x000000001a41f800 28094       4       org.gradle.api.internal.artifacts.transform.TransformationSubject$SubsequentTransformationSubject::getProducer (8 bytes)
Event: 1399.318 Thread 0x000000001a41f800 nmethod 28094 0x000000000517cf50 code [0x000000000517d080, 0x000000000517d0f8]
Event: 1399.320 Thread 0x000000001a41f800 28095       4       sun.nio.fs.WindowsPath::subpath (7 bytes)
Event: 1399.351 Thread 0x000000001a41f800 nmethod 28095 0x0000000007e12190 code [0x0000000007e12380, 0x0000000007e13548]
Event: 1399.351 Thread 0x000000001a41f800 28096       4       sun.nio.fs.WindowsPath::subpath (155 bytes)

GC Heap History (10 events):
Event: 50.214 GC heap before
{Heap before GC invocations=45 (full 6):
 PSYoungGen      total 591872K, used 12832K [0x00000000d5580000, 0x0000000100000000, 0x0000000100000000)
  eden space 493568K, 0% used [0x00000000d5580000,0x00000000d5580000,0x00000000f3780000)
  from space 98304K, 13% used [0x00000000f3780000,0x00000000f4408000,0x00000000f9780000)
  to   space 95232K, 0% used [0x00000000fa300000,0x00000000fa300000,0x0000000100000000)
 ParOldGen       total 392192K, used 340856K [0x0000000080000000, 0x0000000097f00000, 0x00000000d5580000)
  object space 392192K, 86% used [0x0000000080000000,0x0000000094cde3c8,0x0000000097f00000)
 Metaspace       used 95593K, capacity 99840K, committed 100056K, reserved 1136640K
  class space    used 12015K, capacity 12950K, committed 13056K, reserved 1048576K
Event: 50.426 GC heap after
Heap after GC invocations=45 (full 6):
 PSYoungGen      total 591872K, used 0K [0x00000000d5580000, 0x0000000100000000, 0x0000000100000000)
  eden space 493568K, 0% used [0x00000000d5580000,0x00000000d5580000,0x00000000f3780000)
  from space 98304K, 0% used [0x00000000f3780000,0x00000000f3780000,0x00000000f9780000)
  to   space 95232K, 0% used [0x00000000fa300000,0x00000000fa300000,0x0000000100000000)
 ParOldGen       total 349184K, used 132645K [0x0000000080000000, 0x0000000095500000, 0x00000000d5580000)
  object space 349184K, 37% used [0x0000000080000000,0x0000000088189590,0x0000000095500000)
 Metaspace       used 95499K, capacity 99656K, committed 100056K, reserved 1136640K
  class space    used 12001K, capacity 12908K, committed 13056K, reserved 1048576K
}
Event: 51.422 GC heap before
{Heap before GC invocations=46 (full 6):
 PSYoungGen      total 591872K, used 493568K [0x00000000d5580000, 0x0000000100000000, 0x0000000100000000)
  eden space 493568K, 100% used [0x00000000d5580000,0x00000000f3780000,0x00000000f3780000)
  from space 98304K, 0% used [0x00000000f3780000,0x00000000f3780000,0x00000000f9780000)
  to   space 95232K, 0% used [0x00000000fa300000,0x00000000fa300000,0x0000000100000000)
 ParOldGen       total 349184K, used 132645K [0x0000000080000000, 0x0000000095500000, 0x00000000d5580000)
  object space 349184K, 37% used [0x0000000080000000,0x0000000088189590,0x0000000095500000)
 Metaspace       used 95803K, capacity 100068K, committed 100312K, reserved 1136640K
  class space    used 12044K, capacity 12968K, committed 13056K, reserved 1048576K
Event: 51.429 GC heap after
Heap after GC invocations=46 (full 6):
 PSYoungGen      total 592384K, used 11039K [0x00000000d5580000, 0x00000000ff800000, 0x0000000100000000)
  eden space 505344K, 0% used [0x00000000d5580000,0x00000000d5580000,0x00000000f4300000)
  from space 87040K, 12% used [0x00000000fa300000,0x00000000fadc7c88,0x00000000ff800000)
  to   space 92672K, 0% used [0x00000000f4300000,0x00000000f4300000,0x00000000f9d80000)
 ParOldGen       total 349184K, used 132653K [0x0000000080000000, 0x0000000095500000, 0x00000000d5580000)
  object space 349184K, 37% used [0x0000000080000000,0x000000008818b590,0x0000000095500000)
 Metaspace       used 95803K, capacity 100068K, committed 100312K, reserved 1136640K
  class space    used 12044K, capacity 12968K, committed 13056K, reserved 1048576K
}
Event: 53.112 GC heap before
{Heap before GC invocations=47 (full 6):
 PSYoungGen      total 592384K, used 516383K [0x00000000d5580000, 0x00000000ff800000, 0x0000000100000000)
  eden space 505344K, 100% used [0x00000000d5580000,0x00000000f4300000,0x00000000f4300000)
  from space 87040K, 12% used [0x00000000fa300000,0x00000000fadc7c88,0x00000000ff800000)
  to   space 92672K, 0% used [0x00000000f4300000,0x00000000f4300000,0x00000000f9d80000)
 ParOldGen       total 349184K, used 132653K [0x0000000080000000, 0x0000000095500000, 0x00000000d5580000)
  object space 349184K, 37% used [0x0000000080000000,0x000000008818b590,0x0000000095500000)
 Metaspace       used 96522K, capacity 100884K, committed 101208K, reserved 1136640K
  class space    used 12123K, capacity 13080K, committed 13184K, reserved 1048576K
Event: 53.217 GC heap after
Heap after GC invocations=47 (full 6):
 PSYoungGen      total 598016K, used 92669K [0x00000000d5580000, 0x0000000100000000, 0x0000000100000000)
  eden space 505344K, 0% used [0x00000000d5580000,0x00000000d5580000,0x00000000f4300000)
  from space 92672K, 99% used [0x00000000f4300000,0x00000000f9d7f608,0x00000000f9d80000)
  to   space 100864K, 0% used [0x00000000f9d80000,0x00000000f9d80000,0x0000000100000000)
 ParOldGen       total 349184K, used 195228K [0x0000000080000000, 0x0000000095500000, 0x00000000d5580000)
  object space 349184K, 55% used [0x0000000080000000,0x000000008bea7328,0x0000000095500000)
 Metaspace       used 96522K, capacity 100884K, committed 101208K, reserved 1136640K
  class space    used 12123K, capacity 13080K, committed 13184K, reserved 1048576K
}
Event: 57.164 GC heap before
{Heap before GC invocations=48 (full 6):
 PSYoungGen      total 598016K, used 598013K [0x00000000d5580000, 0x0000000100000000, 0x0000000100000000)
  eden space 505344K, 100% used [0x00000000d5580000,0x00000000f4300000,0x00000000f4300000)
  from space 92672K, 99% used [0x00000000f4300000,0x00000000f9d7f608,0x00000000f9d80000)
  to   space 100864K, 0% used [0x00000000f9d80000,0x00000000f9d80000,0x0000000100000000)
 ParOldGen       total 349184K, used 195228K [0x0000000080000000, 0x0000000095500000, 0x00000000d5580000)
  object space 349184K, 55% used [0x0000000080000000,0x000000008bea7328,0x0000000095500000)
 Metaspace       used 97354K, capacity 101908K, committed 101976K, reserved 1138688K
  class space    used 12236K, capacity 13174K, committed 13184K, reserved 1048576K
Event: 57.201 GC heap after
Heap after GC invocations=48 (full 6):
 PSYoungGen      total 550912K, used 43582K [0x00000000d5580000, 0x0000000100000000, 0x0000000100000000)
  eden space 450048K, 0% used [0x00000000d5580000,0x00000000d5580000,0x00000000f0d00000)
  from space 100864K, 43% used [0x00000000f9d80000,0x00000000fc80fa78,0x0000000100000000)
  to   space 124416K, 0% used [0x00000000f0d00000,0x00000000f0d00000,0x00000000f8680000)
 ParOldGen       total 349184K, used 208301K [0x0000000080000000, 0x0000000095500000, 0x00000000d5580000)
  object space 349184K, 59% used [0x0000000080000000,0x000000008cb6b7d0,0x0000000095500000)
 Metaspace       used 97354K, capacity 101908K, committed 101976K, reserved 1138688K
  class space    used 12236K, capacity 13174K, committed 13184K, reserved 1048576K
}
Event: 444.817 GC heap before
{Heap before GC invocations=49 (full 6):
 PSYoungGen      total 550912K, used 493630K [0x00000000d5580000, 0x0000000100000000, 0x0000000100000000)
  eden space 450048K, 100% used [0x00000000d5580000,0x00000000f0d00000,0x00000000f0d00000)
  from space 100864K, 43% used [0x00000000f9d80000,0x00000000fc80fa78,0x0000000100000000)
  to   space 124416K, 0% used [0x00000000f0d00000,0x00000000f0d00000,0x00000000f8680000)
 ParOldGen       total 349184K, used 208301K [0x0000000080000000, 0x0000000095500000, 0x00000000d5580000)
  object space 349184K, 59% used [0x0000000080000000,0x000000008cb6b7d0,0x0000000095500000)
 Metaspace       used 100182K, capacity 105174K, committed 105304K, reserved 1140736K
  class space    used 12661K, capacity 13667K, committed 13696K, reserved 1048576K
Event: 444.853 GC heap after
Heap after GC invocations=49 (full 6):
 PSYoungGen      total 574464K, used 19213K [0x00000000d5580000, 0x0000000100000000, 0x0000000100000000)
  eden space 450048K, 0% used [0x00000000d5580000,0x00000000d5580000,0x00000000f0d00000)
  from space 124416K, 15% used [0x00000000f0d00000,0x00000000f1fc37f0,0x00000000f8680000)
  to   space 119808K, 0% used [0x00000000f8b00000,0x00000000f8b00000,0x0000000100000000)
 ParOldGen       total 349184K, used 213253K [0x0000000080000000, 0x0000000095500000, 0x00000000d5580000)
  object space 349184K, 61% used [0x0000000080000000,0x000000008d041730,0x0000000095500000)
 Metaspace       used 100182K, capacity 105174K, committed 105304K, reserved 1140736K
  class space    used 12661K, capacity 13667K, committed 13696K, reserved 1048576K
}

Deoptimization events (10 events):
Event: 445.830 Thread 0x000000002e7fe000 Uncommon trap: reason=class_check action=maybe_recompile pc=0x0000000007241524 method=java.util.Spliterators$ArraySpliterator.tryAdvance(Ljava/util/function/Consumer;)Z @ 49
Event: 445.849 Thread 0x000000002e7ff000 Uncommon trap: reason=unstable_if action=reinterpret pc=0x0000000006aedb28 method=org.gradle.internal.remote.internal.inet.SocketConnection$SocketOutputStream.writeWithNonBlockingRetry()I @ 41
Event: 1398.710 Thread 0x000000001f4ec800 Uncommon trap: reason=bimorphic action=maybe_recompile pc=0x0000000007a3f1a4 method=java.lang.reflect.Constructor.newInstance([Ljava/lang/Object;)Ljava/lang/Object; @ 79
Event: 1398.710 Thread 0x000000001f4ec800 Uncommon trap: reason=bimorphic action=maybe_recompile pc=0x0000000007a3f1a4 method=java.lang.reflect.Constructor.newInstance([Ljava/lang/Object;)Ljava/lang/Object; @ 79
Event: 1398.710 Thread 0x000000001f4ec800 Uncommon trap: reason=bimorphic action=maybe_recompile pc=0x0000000007a3f1a4 method=java.lang.reflect.Constructor.newInstance([Ljava/lang/Object;)Ljava/lang/Object; @ 79
Event: 1398.710 Thread 0x000000001f4ec800 Uncommon trap: reason=bimorphic action=maybe_recompile pc=0x0000000007a3f1a4 method=java.lang.reflect.Constructor.newInstance([Ljava/lang/Object;)Ljava/lang/Object; @ 79
Event: 1398.725 Thread 0x000000001f4ed000 Uncommon trap: reason=class_check action=maybe_recompile pc=0x00000000054391c4 method=org.gradle.internal.work.DefaultWorkerLeaseService$WorkerLeaseLockRegistry.getResourceLock(Lorg/gradle/internal/work/DefaultWorkerLeaseService$LeaseHolder;ILjava/lang/Th
Event: 1398.726 Thread 0x000000001f4ed000 Uncommon trap: reason=class_check action=maybe_recompile pc=0x0000000005400580 method=org.gradle.internal.work.DefaultWorkerLeaseService$DefaultWorkerLease.acquireLock()Z @ 4
Event: 1398.809 Thread 0x000000001f4ea000 Uncommon trap: reason=unstable_if action=reinterpret pc=0x0000000003886738 method=java.util.concurrent.ConcurrentHashMap.replaceNode(Ljava/lang/Object;Ljava/lang/Object;Ljava/lang/Object;)Ljava/lang/Object; @ 62
Event: 1398.934 Thread 0x000000001f4ef800 Uncommon trap: reason=unstable_if action=reinterpret pc=0x0000000004b0a084 method=com.esotericsoftware.kryo.io.Output.writeVarLong(JZ)I @ 55

Classes redefined (0 events):
No events

Internal exceptions (10 events):
Event: 443.576 Thread 0x000000002e7fe000 Implicit null exception at 0x0000000006d8ac83 to 0x0000000006d8ae5d
Event: 443.733 Thread 0x000000002e7fe000 Exception <a 'sun/nio/fs/WindowsException'> (0x00000000e9f0f4f8) thrown at [D:\src\AOSP-openjdk-cygwin\jdk8u\hotspot\src\share\vm\prims\jni.cpp, line 710]
Event: 443.797 Thread 0x000000002e7fe000 Implicit null exception at 0x0000000006734e92 to 0x000000000673512d
Event: 444.982 Thread 0x000000001f4e9800 Implicit null exception at 0x0000000005119f9f to 0x000000000511b085
Event: 445.763 Thread 0x000000001f4f4000 Exception <a 'java/io/FileNotFoundException'> (0x00000000dabadfc8) thrown at [D:\src\AOSP-openjdk-cygwin\jdk8u\hotspot\src\share\vm\prims\jni.cpp, line 710]
Event: 445.866 Thread 0x000000002e7fe000 Exception <a 'sun/nio/fs/WindowsException'> (0x00000000db713228) thrown at [D:\src\AOSP-openjdk-cygwin\jdk8u\hotspot\src\share\vm\prims\jni.cpp, line 710]
Event: 445.867 Thread 0x000000002e7fe000 Exception <a 'sun/nio/fs/WindowsException'> (0x00000000db714c10) thrown at [D:\src\AOSP-openjdk-cygwin\jdk8u\hotspot\src\share\vm\prims\jni.cpp, line 710]
Event: 445.867 Thread 0x000000002e7fe000 Exception <a 'sun/nio/fs/WindowsException'> (0x00000000db7165f8) thrown at [D:\src\AOSP-openjdk-cygwin\jdk8u\hotspot\src\share\vm\prims\jni.cpp, line 710]
Event: 445.868 Thread 0x000000002e7fe000 Exception <a 'sun/nio/fs/WindowsException'> (0x00000000db717fe8) thrown at [D:\src\AOSP-openjdk-cygwin\jdk8u\hotspot\src\share\vm\prims\jni.cpp, line 710]
Event: 1398.861 Thread 0x000000001f4ed000 Exception <a 'sun/nio/fs/WindowsException'> (0x00000000ddcc2e00) thrown at [D:\src\AOSP-openjdk-cygwin\jdk8u\hotspot\src\share\vm\prims\jni.cpp, line 710]

Events (10 events):
Event: 1399.231 Thread 0x000000001d9ab000 Thread added: 0x000000001d9ab000
Event: 1399.231 Thread 0x000000001d9b2800 Thread added: 0x000000001d9b2800
Event: 1399.231 Thread 0x000000001d9ac000 Thread added: 0x000000001d9ac000
Event: 1399.232 Thread 0x000000001d9ac800 Thread added: 0x000000001d9ac800
Event: 1399.233 Executing VM operation: RevokeBias
Event: 1399.234 Executing VM operation: RevokeBias done
Event: 1399.234 Executing VM operation: BulkRevokeBias
Event: 1399.235 Executing VM operation: BulkRevokeBias done
Event: 1399.235 Executing VM operation: RevokeBias
Event: 1399.235 Executing VM operation: RevokeBias done


Dynamic libraries:
0x00007ff601c90000 - 0x00007ff601cc1000 	D:\soft\android\android-studio\jre\bin\java.exe
0x00007ffdfed40000 - 0x00007ffdfef30000 	C:\WINDOWS\SYSTEM32\ntdll.dll
0x00007ffdfe6a0000 - 0x00007ffdfe752000 	C:\WINDOWS\System32\KERNEL32.DLL
0x00007ffdfca70000 - 0x00007ffdfcd13000 	C:\WINDOWS\System32\KERNELBASE.dll
0x00007ffdfcec0000 - 0x00007ffdfcf63000 	C:\WINDOWS\System32\ADVAPI32.dll
0x00007ffdfda20000 - 0x00007ffdfdabe000 	C:\WINDOWS\System32\msvcrt.dll
0x00007ffdfe8c0000 - 0x00007ffdfe957000 	C:\WINDOWS\System32\sechost.dll
0x00007ffdfd020000 - 0x00007ffdfd140000 	C:\WINDOWS\System32\RPCRT4.dll
0x00007ffdfdc80000 - 0x00007ffdfde14000 	C:\WINDOWS\System32\USER32.dll
0x00007ffdfcd40000 - 0x00007ffdfcd61000 	C:\WINDOWS\System32\win32u.dll
0x00007ffdfd140000 - 0x00007ffdfd166000 	C:\WINDOWS\System32\GDI32.dll
0x00007ffdfc640000 - 0x00007ffdfc7d4000 	C:\WINDOWS\System32\gdi32full.dll
0x00007ffdfbcd0000 - 0x00007ffdfbd6e000 	C:\WINDOWS\System32\msvcp_win.dll
0x00007ffdfc4f0000 - 0x00007ffdfc5ea000 	C:\WINDOWS\System32\ucrtbase.dll
0x00007ffdeb390000 - 0x00007ffdeb615000 	C:\WINDOWS\WinSxS\amd64_microsoft.windows.common-controls_6595b64144ccf1df_6.0.18362.535_none_e6c3b34713100821\COMCTL32.dll
0x00007ffdfe9c0000 - 0x00007ffdfecf6000 	C:\WINDOWS\System32\combase.dll
0x00007ffdfcd70000 - 0x00007ffdfcdf0000 	C:\WINDOWS\System32\bcryptPrimitives.dll
0x00007ffdfe030000 - 0x00007ffdfe05e000 	C:\WINDOWS\System32\IMM32.DLL
0x0000000077430000 - 0x0000000077502000 	D:\soft\android\android-studio\jre\jre\bin\msvcr100.dll
0x00000000764e0000 - 0x0000000076d26000 	D:\soft\android\android-studio\jre\jre\bin\server\jvm.dll
0x00007ffdfdc70000 - 0x00007ffdfdc78000 	C:\WINDOWS\System32\PSAPI.DLL
0x00007ffdf43d0000 - 0x00007ffdf43d9000 	C:\WINDOWS\SYSTEM32\WSOCK32.dll
0x00007ffdfde30000 - 0x00007ffdfde9f000 	C:\WINDOWS\System32\WS2_32.dll
0x00007ffdf8e40000 - 0x00007ffdf8e64000 	C:\WINDOWS\SYSTEM32\WINMM.dll
0x00007ffdfb2d0000 - 0x00007ffdfb2da000 	C:\WINDOWS\SYSTEM32\VERSION.dll
0x00007ffdf8e10000 - 0x00007ffdf8e3d000 	C:\WINDOWS\SYSTEM32\winmmbase.dll
0x00007ffdfc5f0000 - 0x00007ffdfc63a000 	C:\WINDOWS\System32\cfgmgr32.dll
0x00007ffdeec60000 - 0x00007ffdeec6f000 	D:\soft\android\android-studio\jre\jre\bin\verify.dll
0x00007ffde7340000 - 0x00007ffde7369000 	D:\soft\android\android-studio\jre\jre\bin\java.dll
0x00007ffde1fc0000 - 0x00007ffde1fd6000 	D:\soft\android\android-studio\jre\jre\bin\zip.dll
0x00007ffdfd330000 - 0x00007ffdfda15000 	C:\WINDOWS\System32\SHELL32.dll
0x00007ffdfdf80000 - 0x00007ffdfe029000 	C:\WINDOWS\System32\shcore.dll
0x00007ffdfbd70000 - 0x00007ffdfc4ef000 	C:\WINDOWS\System32\windows.storage.dll
0x00007ffdfbc90000 - 0x00007ffdfbcaf000 	C:\WINDOWS\System32\profapi.dll
0x00007ffdfbc40000 - 0x00007ffdfbc8a000 	C:\WINDOWS\System32\powrprof.dll
0x00007ffdfbc10000 - 0x00007ffdfbc20000 	C:\WINDOWS\System32\UMPDC.dll
0x00007ffdfe960000 - 0x00007ffdfe9b2000 	C:\WINDOWS\System32\shlwapi.dll
0x00007ffdfbc20000 - 0x00007ffdfbc31000 	C:\WINDOWS\System32\kernel.appcore.dll
0x00007ffdfcd20000 - 0x00007ffdfcd37000 	C:\WINDOWS\System32\cryptsp.dll
0x00007ffde1fa0000 - 0x00007ffde1fba000 	D:\soft\android\android-studio\jre\jre\bin\net.dll
0x00007ffdfafb0000 - 0x00007ffdfb017000 	C:\WINDOWS\system32\mswsock.dll
0x00007ffde0e30000 - 0x00007ffde0e41000 	D:\soft\android\android-studio\jre\jre\bin\nio.dll
0x00007ffde0f10000 - 0x00007ffde0f36000 	C:\Users\HP\.gradle\native\29\windows-amd64\native-platform.dll
0x00007ffdede60000 - 0x00007ffdede6d000 	D:\soft\android\android-studio\jre\jre\bin\management.dll
0x00007ffdfab30000 - 0x00007ffdfab63000 	C:\WINDOWS\system32\rsaenh.dll
0x00007ffdfc840000 - 0x00007ffdfc866000 	C:\WINDOWS\System32\bcrypt.dll
0x00007ffdfbb00000 - 0x00007ffdfbb25000 	C:\WINDOWS\SYSTEM32\USERENV.dll
0x00007ffdfb180000 - 0x00007ffdfb18c000 	C:\WINDOWS\SYSTEM32\CRYPTBASE.dll
0x00007ffdfacd0000 - 0x00007ffdfad0a000 	C:\WINDOWS\SYSTEM32\IPHLPAPI.DLL
0x00007ffdfdea0000 - 0x00007ffdfdea8000 	C:\WINDOWS\System32\NSI.dll
0x00007ffdef790000 - 0x00007ffdef7a6000 	C:\WINDOWS\SYSTEM32\dhcpcsvc6.DLL
0x00007ffdef770000 - 0x00007ffdef78c000 	C:\WINDOWS\SYSTEM32\dhcpcsvc.DLL
0x00007ffdfad10000 - 0x00007ffdfadda000 	C:\WINDOWS\SYSTEM32\DNSAPI.dll
0x00007ffdfb6c0000 - 0x00007ffdfb6f1000 	C:\WINDOWS\SYSTEM32\ntmarta.dll
0x00007ffdd0ce0000 - 0x00007ffdd0e7c000 	D:\soft\android\android-studio\jre\jre\bin\awt.dll
0x00007ffdfdeb0000 - 0x00007ffdfdf74000 	C:\WINDOWS\System32\OLEAUT32.dll
0x00007ffdf9b30000 - 0x00007ffdf9b5d000 	C:\WINDOWS\SYSTEM32\dwmapi.dll
0x00007ffdf8190000 - 0x00007ffdf8750000 	C:\WINDOWS\SYSTEM32\d2d1.dll
0x00007ffdf9880000 - 0x00007ffdf990f000 	C:\WINDOWS\SYSTEM32\apphelp.dll
0x00007ffdf9a10000 - 0x00007ffdf9aa9000 	C:\WINDOWS\system32\uxtheme.dll
0x00007ffdfb700000 - 0x00007ffdfb8f4000 	C:\WINDOWS\SYSTEM32\dbghelp.dll

VM Arguments:
jvm_args: -XX:MaxPermSize=512m -XX:+HeapDumpOnOutOfMemoryError -Xmx2048m -Dfile.encoding=UTF-8 -Duser.country=CN -Duser.language=zh -Duser.variant 
java_command: org.gradle.launcher.daemon.bootstrap.GradleDaemon 5.4.1
java_class_path (initial): C:\Users\HP\.gradle\wrapper\dists\gradle-5.4.1-all\3221gyojl5jsh0helicew7rwx\gradle-5.4.1\lib\gradle-launcher-5.4.1.jar
Launcher Type: SUN_STANDARD

Environment Variables:
JAVA_HOME=D:\soft\eclipse\jdk
CLASSPATH=D:\soft\eclipse\jdk\lib\dt.jar;D:\soft\eclipse\jdk\lib\tools.jar
PATH=C:\Program Files (x86)\Common Files\Oracle\Java\javapath;C:\WINDOWS\system32;C:\WINDOWS;C:\WINDOWS\System32\Wbem;C:\WINDOWS\System32\WindowsPowerShell\v1.0\;C:\WINDOWS\System32\OpenSSH\;C:\Program Files\Intel\WiFi\bin\;C:\Program Files\Common Files\Intel\WirelessCommon\;C:\Program Files (x86)\Microsoft SQL Server\100\Tools\Binn\;C:\Program Files\Microsoft SQL Server\100\Tools\Binn\;C:\Program Files\Microsoft SQL Server\100\DTS\Binn\;C:\Program Files (x86)\Microsoft SQL Server\100\Tools\Binn\VSShell\Common7\IDE\;C:\Program Files (x86)\Microsoft SQL Server\100\DTS\Binn\;C:\Program Files (x86)\Microsoft Visual Studio 9.0\Common7\IDE\PrivateAssemblies\;C:\Program Files\Microsoft\Web Platform Installer\;C:\Program Files (x86)\Microsoft ASP.NET\ASP.NET Web Pages\v1.0\;D:\soft\eclipse\jdk\bin;D:\soft\git\Git\cmd;C:\Program Files (x86)\Windows Kits\8.0\Windows Performance Toolkit\;C:\Program Files\Microsoft SQL Server\110\Tools\Binn\;C:\Users\HP\AppData\Local\Microsoft\WindowsApps;C:\Program Files\Intel\WiFi\bin\;C:\Program Files\Common Files\Intel\WirelessCommon\;
USERNAME=HP
OS=Windows_NT
PROCESSOR_IDENTIFIER=Intel64 Family 6 Model 158 Stepping 10, GenuineIntel



---------------  S Y S T E M  ---------------

OS: Windows 10.0 , 64 bit Build 18362 (10.0.18362.329)

CPU:total 8 (initial active 8) (4 cores per cpu, 2 threads per core) family 6 model 158 stepping 10, cmov, cx8, fxsr, mmx, sse, sse2, sse3, ssse3, sse4.1, sse4.2, popcnt, avx, avx2, aes, clmul, erms, 3dnowpref, lzcnt, ht, tsc, tscinvbit, bmi1, bmi2, adx

Memory: 4k page, physical 8275184k(1202712k free), swap 18236656k(5918916k free)

vm_info: OpenJDK 64-Bit Server VM (25.202-b03) for windows-amd64 JRE (1.8.0_202-release-1483-b03), built by "builder" with MS VC++ 10.0 (VS2010)

time: Tue Dec 17 15:35:09 2019
timezone: 中国标准时间
elapsed time: 1399 seconds (0d 0h 23m 19s)

