#
# A fatal error has been detected by the Java Runtime Environment:
#
#  EXCEPTION_ACCESS_VIOLATION (0xc0000005) at pc=0x000000007656b650, pid=9372, tid=0x0000000000001aa8
#
# JRE version: OpenJDK Runtime Environment (8.0_202-b03) (build 1.8.0_202-release-1483-b03)
# Java VM: OpenJDK 64-Bit Server VM (25.202-b03 mixed mode windows-amd64 compressed oops)
# Problematic frame:
# V  [jvm.dll+0x8b650]
#
# Failed to write core dump. Minidumps are not enabled by default on client versions of Windows
#
# If you would like to submit a bug report, please visit:
#   http://bugreport.java.com/bugreport/crash.jsp
#

---------------  T H R E A D  ---------------

Current thread (0x0000000003196000):  GCTaskThread [stack: 0x00000000133f0000,0x00000000134f0000] [id=6824]

siginfo: ExceptionCode=0xc0000005, reading address 0x00000004a9ada920

Registers:
RAX=0x0000000000000000, RBX=0x00000000f70f1d70, RCX=0x00000000f70f1d70, RDX=0x00000004a9ada918
RSP=0x00000000134ef5c8, RBP=0x00000000126c3201, RSI=0x00000000182d4c80, RDI=0x0000000092636c60
R8 =0x00000000182d4c80, R9 =0x0000000100000768, R10=0x000000000000000c, R11=0x000000000000000c
R12=0x00000000126c3181, R13=0x00000000f70f1d78, R14=0x0000000000000000, R15=0x0000000003183900
RIP=0x000000007656b650, EFLAGS=0x0000000000010206

Top of Stack: (sp=0x00000000134ef5c8)
0x00000000134ef5c8:   00000000768aeb82 00000000f60e1c18
0x00000000134ef5d8:   0000000000000004 00000000182d4c80
0x00000000134ef5e8:   00000000f4b419c1 00000000fac42868
0x00000000134ef5f8:   0000000000001000 00000000961ce4f8
0x00000000134ef608:   0000000000000400 0000000000000000
0x00000000134ef618:   00000000182d4c00 00000000126c3181
0x00000000134ef628:   00000000768aeef0 0000000092634b80
0x00000000134ef638:   00000000126c3201 00000000182d4c80
0x00000000134ef648:   0000000092636c60 0000000092634b80
0x00000000134ef658:   00000000768afa95 00000000e22a0fc8
0x00000000134ef668:   000000001263d610 00000000182d4c80
0x00000000134ef678:   0000000000000004 00000000182d4c80
0x00000000134ef688:   0000000003191200 0000000083d369c4
0x00000000134ef698:   00000000765cf897 00000000182d4c80
0x00000000134ef6a8:   00000000765cdf73 00000000925b50ed
0x00000000134ef6b8:   00000000925b50ed 000000009263615c 

Instructions: (pc=0x000000007656b650)
0x000000007656b630:   7c 5f 1d 00 48 8b 9c 24 c0 00 00 00 48 81 c4 b0
0x000000007656b640:   00 00 00 5d c3 cc cc cc cc cc cc cc cc cc cc cc
0x000000007656b650:   44 8b 42 08 4c 8b ca 45 85 c0 7e 0e 41 f6 c0 01
0x000000007656b660:   75 57 41 c1 f8 03 41 8b c0 c3 79 4d 80 3d fe 47 


Register to memory mapping:

RAX=0x0000000000000000 is an unknown value
RBX=0x00000000f70f1d70 is an oop

[error occurred during error reporting (printing register info), id 0xc0000005]

Stack: [0x00000000133f0000,0x00000000134f0000],  sp=0x00000000134ef5c8,  free space=1021k
Native frames: (J=compiled Java code, j=interpreted, Vv=VM code, C=native code)
V  [jvm.dll+0x8b650]


---------------  P R O C E S S  ---------------

Java Threads: ( => current thread )
  0x00000000223d8000 JavaThread "WorkerExecutor Queue" [_thread_blocked, id=8024, stack(0x0000000027c80000,0x0000000027d80000)]
  0x00000000223d9000 JavaThread "Cache worker for execution history cache (E:\practisePro\a_shi_xun\AndroidProject\vhome\.gradle\5.4.1\executionHistory)" [_thread_blocked, id=2032, stack(0x0000000027de0000,0x0000000027ee0000)]
  0x00000000223dd800 JavaThread "Execution worker for ':' Thread 7" [_thread_blocked, id=13216, stack(0x0000000027850000,0x0000000027950000)]
  0x00000000223dc800 JavaThread "Execution worker for ':' Thread 6" [_thread_blocked, id=14132, stack(0x0000000027550000,0x0000000027650000)]
  0x00000000223d7800 JavaThread "Execution worker for ':' Thread 5" [_thread_blocked, id=12852, stack(0x0000000027450000,0x0000000027550000)]
  0x000000003294b800 JavaThread "Execution worker for ':' Thread 4" [_thread_blocked, id=7916, stack(0x0000000027350000,0x0000000027450000)]
  0x000000003294a800 JavaThread "Execution worker for ':' Thread 3" [_thread_blocked, id=10768, stack(0x0000000027250000,0x0000000027350000)]
  0x000000003294a000 JavaThread "Execution worker for ':' Thread 2" [_thread_blocked, id=8548, stack(0x0000000027150000,0x0000000027250000)]
  0x0000000032948800 JavaThread "Execution worker for ':'" [_thread_blocked, id=11756, stack(0x0000000026c50000,0x0000000026d50000)]
  0x0000000032949000 JavaThread "Cache worker for file content cache (E:\practisePro\a_shi_xun\AndroidProject\vhome\.gradle\5.4.1\fileContent)" [_thread_blocked, id=14280, stack(0x0000000026950000,0x0000000026a50000)]
  0x0000000032945800 JavaThread "Cache worker for Build Output Cleanup Cache (E:\practisePro\a_shi_xun\AndroidProject\vhome\.gradle\buildOutputCleanup)" [_thread_blocked, id=8476, stack(0x0000000026170000,0x0000000026270000)]
  0x0000000032947800 JavaThread "pool-26-thread-1" [_thread_blocked, id=11628, stack(0x0000000024e30000,0x0000000024f30000)]
  0x0000000032944800 JavaThread "Build operations Thread 8" [_thread_blocked, id=10480, stack(0x0000000024730000,0x0000000024830000)]
  0x0000000032943000 JavaThread "Build operations Thread 7" [_thread_blocked, id=7392, stack(0x0000000024630000,0x0000000024730000)]
  0x0000000032947000 JavaThread "Build operations Thread 6" [_thread_blocked, id=9604, stack(0x0000000024530000,0x0000000024630000)]
  0x0000000032944000 JavaThread "Build operations Thread 5" [_thread_blocked, id=10336, stack(0x0000000024430000,0x0000000024530000)]
  0x0000000032940000 JavaThread "Build operations Thread 4" [_thread_blocked, id=1216, stack(0x0000000024330000,0x0000000024430000)]
  0x000000003293e800 JavaThread "Build operations Thread 3" [_thread_blocked, id=1020, stack(0x0000000024230000,0x0000000024330000)]
  0x000000003293f800 JavaThread "Build operations Thread 2" [_thread_blocked, id=10092, stack(0x0000000024130000,0x0000000024230000)]
  0x000000001e2d2800 JavaThread "Build operations" [_thread_blocked, id=12156, stack(0x0000000024030000,0x0000000024130000)]
  0x000000001e2d1000 JavaThread "Cache worker for cache directory md-rule (C:\Users\HP\.gradle\caches\5.4.1\md-rule)" [_thread_blocked, id=5440, stack(0x0000000023cb0000,0x0000000023db0000)]
  0x000000001e2cf800 JavaThread "Cache worker for cache directory md-supplier (C:\Users\HP\.gradle\caches\5.4.1\md-supplier)" [_thread_blocked, id=7680, stack(0x000000001fb40000,0x000000001fc40000)]
  0x000000001e2ce800 JavaThread "Cache worker for file hash cache (E:\practisePro\a_shi_xun\AndroidProject\vhome\.gradle\5.4.1\fileHashes)" [_thread_blocked, id=13368, stack(0x000000001d3a0000,0x000000001d4a0000)]
  0x000000001e2c7000 JavaThread "Thread-397" [_thread_blocked, id=13512, stack(0x000000001d0a0000,0x000000001d1a0000)]
  0x000000001e2cd000 JavaThread "Stdin handler" [_thread_blocked, id=9380, stack(0x000000001cfa0000,0x000000001d0a0000)]
  0x000000001e2c5800 JavaThread "Asynchronous log dispatcher for DefaultDaemonConnection: socket connection from /127.0.0.1:55082 to /127.0.0.1:60376" [_thread_blocked, id=5588, stack(0x000000001cca0000,0x000000001cda0000)]
  0x000000001e2cc000 JavaThread "Cancel handler" [_thread_blocked, id=6740, stack(0x0000000001200000,0x0000000001300000)]
  0x000000001e2ca000 JavaThread "Handler for socket connection from /127.0.0.1:55082 to /127.0.0.1:60376" [_thread_in_native, id=9288, stack(0x0000000001100000,0x0000000001200000)]
  0x000000001e2c7800 JavaThread "google-crash-pool-0" daemon [_thread_blocked, id=6300, stack(0x00000000396d0000,0x00000000397d0000)]
  0x000000001e3ba000 JavaThread "ForkJoinPool.commonPool-worker-4" daemon [_thread_blocked, id=3320, stack(0x0000000038dd0000,0x0000000038ed0000)]
  0x000000001e3be000 JavaThread "ForkJoinPool.commonPool-worker-0" daemon [_thread_blocked, id=7468, stack(0x00000000389d0000,0x0000000038ad0000)]
  0x000000003293d000 JavaThread "Daemon worker Thread 11" [_thread_blocked, id=12088, stack(0x000000001cba0000,0x000000001cca0000)]
  0x0000000032941800 JavaThread "Daemon Thread 11" [_thread_blocked, id=2788, stack(0x0000000001000000,0x0000000001100000)]
  0x000000001e2d1800 JavaThread "MarlinRenderer Disposer" daemon [_thread_blocked, id=10236, stack(0x000000002a9e0000,0x000000002aae0000)]
  0x000000001e2d3000 JavaThread "Java2D Disposer" daemon [_thread_blocked, id=13456, stack(0x000000002a8e0000,0x000000002a9e0000)]
  0x000000001e2ca800 JavaThread "Cache worker for Java compile cache (C:\Users\HP\.gradle\caches\5.4.1\javaCompile)" [_thread_blocked, id=8516, stack(0x0000000028490000,0x0000000028590000)]
  0x000000001ee86800 JavaThread "Cache worker for file content cache (C:\Users\HP\.gradle\caches\5.4.1\fileContent)" [_thread_blocked, id=10752, stack(0x0000000026a50000,0x0000000026b50000)]
  0x000000001ee8b000 JavaThread "Memory manager" [_thread_blocked, id=9676, stack(0x0000000025730000,0x0000000025830000)]
  0x000000001ee83800 JavaThread "Cache worker for execution history cache (C:\Users\HP\.gradle\caches\5.4.1\executionHistory)" [_thread_blocked, id=11620, stack(0x00000000239b0000,0x0000000023ab0000)]
  0x000000001b9ba000 JavaThread "Cache worker for journal cache (C:\Users\HP\.gradle\caches\journal-1)" [_thread_blocked, id=5628, stack(0x000000001d6a0000,0x000000001d7a0000)]
  0x000000001b9b9000 JavaThread "File lock request listener" [_thread_in_native, id=12736, stack(0x000000001d5a0000,0x000000001d6a0000)]
  0x000000001c53a800 JavaThread "Cache worker for file hash cache (C:\Users\HP\.gradle\caches\5.4.1\fileHashes)" [_thread_blocked, id=2760, stack(0x000000001d4a0000,0x000000001d5a0000)]
  0x000000001b0d8800 JavaThread "Daemon periodic checks" [_thread_blocked, id=8756, stack(0x000000001caa0000,0x000000001cba0000)]
  0x000000001b030800 JavaThread "Incoming local TCP Connector on port 55082" [_thread_in_native, id=9284, stack(0x000000001c9a0000,0x000000001caa0000)]
  0x000000001c2cb000 JavaThread "Daemon health stats" [_thread_blocked, id=13276, stack(0x000000001c6a0000,0x000000001c7a0000)]
  0x000000001a203000 JavaThread "Service Thread" daemon [_thread_blocked, id=11360, stack(0x000000001acd0000,0x000000001add0000)]
  0x000000001a16e800 JavaThread "C1 CompilerThread3" daemon [_thread_blocked, id=13528, stack(0x000000001abd0000,0x000000001acd0000)]
  0x000000001a167000 JavaThread "C2 CompilerThread2" daemon [_thread_blocked, id=2784, stack(0x000000001aad0000,0x000000001abd0000)]
  0x000000001a161000 JavaThread "C2 CompilerThread1" daemon [_thread_blocked, id=12168, stack(0x000000001a9d0000,0x000000001aad0000)]
  0x000000001a15d000 JavaThread "C2 CompilerThread0" daemon [_thread_blocked, id=4196, stack(0x000000001a8d0000,0x000000001a9d0000)]
  0x000000001a15b800 JavaThread "Attach Listener" daemon [_thread_blocked, id=11272, stack(0x000000001a7d0000,0x000000001a8d0000)]
  0x000000001a109000 JavaThread "Signal Dispatcher" daemon [_thread_blocked, id=5564, stack(0x000000001a6d0000,0x000000001a7d0000)]
  0x000000000326e000 JavaThread "Finalizer" daemon [_thread_blocked, id=7420, stack(0x000000001a5d0000,0x000000001a6d0000)]
  0x000000001a0f0800 JavaThread "Reference Handler" daemon [_thread_blocked, id=13240, stack(0x000000001a4d0000,0x000000001a5d0000)]
  0x0000000003172800 JavaThread "main" [_thread_blocked, id=8712, stack(0x0000000002c70000,0x0000000002d70000)]

Other Threads:
  0x00000000182d8000 VMThread [stack: 0x0000000019fd0000,0x000000001a0d0000] [id=14268]
  0x000000001a204000 WatcherThread [stack: 0x000000001add0000,0x000000001aed0000] [id=12960]

=>0x0000000003196000 (exited) GCTaskThread [stack: 0x00000000133f0000,0x00000000134f0000] [id=6824]

VM state:at safepoint (normal execution)

VM Mutex/Monitor currently owned by a thread:  ([mutex/lock_event])
[0x00000000013ada10] Threads_lock - owner thread: 0x00000000182d8000
[0x00000000013adc10] Heap_lock - owner thread: 0x00000000223d8000

heap address: 0x0000000080000000, size: 2048 MB, Compressed Oops mode: 32-bit
Narrow klass base: 0x0000000000000000, Narrow klass shift: 3
Compressed class space size: 1073741824 Address: 0x0000000100000000

Heap:
 PSYoungGen      total 598528K, used 598503K [0x00000000d5580000, 0x0000000100000000, 0x0000000100000000)
  eden space 512000K, 100% used [0x00000000d5580000,0x00000000f4980000,0x00000000f4980000)
  from space 86528K, 99% used [0x00000000f4980000,0x00000000f9df9f00,0x00000000f9e00000)
  to   space 100352K, 71% used [0x00000000f9e00000,0x00000000fe4624d8,0x0000000100000000)
 ParOldGen       total 564224K, used 385508K [0x0000000080000000, 0x00000000a2700000, 0x00000000d5580000)
  object space 564224K, 68% used [0x0000000080000000,0x0000000097879290,0x00000000a2700000)
 Metaspace       used 109592K, capacity 116134K, committed 116440K, reserved 1150976K
  class space    used 13598K, capacity 14789K, committed 14848K, reserved 1048576K

Card table byte_map: [0x0000000012630000,0x0000000012a40000] byte_map_base: 0x0000000012230000

Marking Bits: (ParMarkBitMap*) 0x0000000076ca9f30
 Begin Bits: [0x00000000134f0000, 0x00000000154f0000)
 End Bits:   [0x00000000154f0000, 0x00000000174f0000)

Polling page: 0x0000000000e20000

CodeCache: size=245760Kb used=100525Kb max_used=101013Kb free=145234Kb
 bounds [0x0000000003270000, 0x0000000009620000, 0x0000000012270000]
 total_blobs=27313 nmethods=26291 adapters=931
 compilation: enabled

Compilation events (10 events):
Event: 4594.067 Thread 0x000000001a16e800 39039       3       java.nio.file.Files$$Lambda$825/271132520::get$Lambda (9 bytes)
Event: 4594.067 Thread 0x000000001a16e800 nmethod 39039 0x0000000005eb4c50 code [0x0000000005eb4dc0, 0x0000000005eb5010]
Event: 4594.069 Thread 0x000000001a16e800 39040   !   3       java.nio.file.Files::walk (59 bytes)
Event: 4594.070 Thread 0x000000001a16e800 nmethod 39040 0x00000000088f5a50 code [0x00000000088f5d20, 0x00000000088f7098]
Event: 4594.073 Thread 0x000000001a16e800 39041       3       com.android.builder.dexing.DirDexArchive::close (1 bytes)
Event: 4594.074 Thread 0x000000001a16e800 nmethod 39041 0x0000000006ea18d0 code [0x0000000006ea1a20, 0x0000000006ea1b70]
Event: 4594.207 Thread 0x000000001a15d000 39042       4       org.gradle.api.internal.tasks.properties.GetInputPropertiesVisitor::visitInputProperty (24 bytes)
Event: 4594.212 Thread 0x000000001a15d000 nmethod 39042 0x000000000461b0d0 code [0x000000000461b240, 0x000000000461b638]
Event: 4594.218 Thread 0x000000001a16e800 39043       3       org.gradle.internal.snapshot.impl.EnumValueSnapshot::hashCode (16 bytes)
Event: 4594.218 Thread 0x000000001a16e800 nmethod 39043 0x00000000066d2650 code [0x00000000066d27c0, 0x00000000066d2a98]

GC Heap History (10 events):
Event: 4558.889 GC heap after
Heap after GC invocations=109 (full 10):
 PSYoungGen      total 574976K, used 0K [0x00000000d5580000, 0x0000000100000000, 0x0000000100000000)
  eden space 471552K, 0% used [0x00000000d5580000,0x00000000d5580000,0x00000000f2200000)
  from space 103424K, 0% used [0x00000000f2200000,0x00000000f2200000,0x00000000f8700000)
  to   space 100864K, 0% used [0x00000000f9d80000,0x00000000f9d80000,0x0000000100000000)
 ParOldGen       total 564224K, used 259011K [0x0000000080000000, 0x00000000a2700000, 0x00000000d5580000)
  object space 564224K, 45% used [0x0000000080000000,0x000000008fcf0db8,0x00000000a2700000)
 Metaspace       used 107866K, capacity 114320K, committed 114648K, reserved 1148928K
  class space    used 13367K, capacity 14532K, committed 14592K, reserved 1048576K
}
Event: 4559.234 GC heap before
{Heap before GC invocations=110 (full 10):
 PSYoungGen      total 574976K, used 471552K [0x00000000d5580000, 0x0000000100000000, 0x0000000100000000)
  eden space 471552K, 100% used [0x00000000d5580000,0x00000000f2200000,0x00000000f2200000)
  from space 103424K, 0% used [0x00000000f2200000,0x00000000f2200000,0x00000000f8700000)
  to   space 100864K, 0% used [0x00000000f9d80000,0x00000000f9d80000,0x0000000100000000)
 ParOldGen       total 564224K, used 259011K [0x0000000080000000, 0x00000000a2700000, 0x00000000d5580000)
  object space 564224K, 45% used [0x0000000080000000,0x000000008fcf0db8,0x00000000a2700000)
 Metaspace       used 107873K, capacity 114320K, committed 114648K, reserved 1148928K
  class space    used 13367K, capacity 14532K, committed 14592K, reserved 1048576K
Event: 4559.247 GC heap after
Heap after GC invocations=110 (full 10):
 PSYoungGen      total 581632K, used 21408K [0x00000000d5580000, 0x00000000ff280000, 0x0000000100000000)
  eden space 494592K, 0% used [0x00000000d5580000,0x00000000d5580000,0x00000000f3880000)
  from space 87040K, 24% used [0x00000000f9d80000,0x00000000fb2680e0,0x00000000ff280000)
  to   space 95232K, 0% used [0x00000000f3880000,0x00000000f3880000,0x00000000f9580000)
 ParOldGen       total 564224K, used 259011K [0x0000000080000000, 0x00000000a2700000, 0x00000000d5580000)
  object space 564224K, 45% used [0x0000000080000000,0x000000008fcf0db8,0x00000000a2700000)
 Metaspace       used 107873K, capacity 114320K, committed 114648K, reserved 1148928K
  class space    used 13367K, capacity 14532K, committed 14592K, reserved 1048576K
}
Event: 4559.900 GC heap before
{Heap before GC invocations=111 (full 10):
 PSYoungGen      total 581632K, used 515998K [0x00000000d5580000, 0x00000000ff280000, 0x0000000100000000)
  eden space 494592K, 99% used [0x00000000d5580000,0x00000000f387f9c0,0x00000000f3880000)
  from space 87040K, 24% used [0x00000000f9d80000,0x00000000fb2680e0,0x00000000ff280000)
  to   space 95232K, 0% used [0x00000000f3880000,0x00000000f3880000,0x00000000f9580000)
 ParOldGen       total 564224K, used 259011K [0x0000000080000000, 0x00000000a2700000, 0x00000000d5580000)
  object space 564224K, 45% used [0x0000000080000000,0x000000008fcf0db8,0x00000000a2700000)
 Metaspace       used 107893K, capacity 114392K, committed 114648K, reserved 1148928K
  class space    used 13367K, capacity 14532K, committed 14592K, reserved 1048576K
Event: 4559.918 GC heap after
Heap after GC invocations=111 (full 10):
 PSYoungGen      total 589824K, used 13616K [0x00000000d5580000, 0x0000000100000000, 0x0000000100000000)
  eden space 494592K, 0% used [0x00000000d5580000,0x00000000d5580000,0x00000000f3880000)
  from space 95232K, 14% used [0x00000000f3880000,0x00000000f45cc040,0x00000000f9580000)
  to   space 91648K, 0% used [0x00000000fa680000,0x00000000fa680000,0x0000000100000000)
 ParOldGen       total 564224K, used 279513K [0x0000000080000000, 0x00000000a2700000, 0x00000000d5580000)
  object space 564224K, 49% used [0x0000000080000000,0x00000000910f6598,0x00000000a2700000)
 Metaspace       used 107893K, capacity 114392K, committed 114648K, reserved 1148928K
  class space    used 13367K, capacity 14532K, committed 14592K, reserved 1048576K
}
Event: 4561.740 GC heap before
{Heap before GC invocations=112 (full 10):
 PSYoungGen      total 589824K, used 508208K [0x00000000d5580000, 0x0000000100000000, 0x0000000100000000)
  eden space 494592K, 100% used [0x00000000d5580000,0x00000000f3880000,0x00000000f3880000)
  from space 95232K, 14% used [0x00000000f3880000,0x00000000f45cc040,0x00000000f9580000)
  to   space 91648K, 0% used [0x00000000fa680000,0x00000000fa680000,0x0000000100000000)
 ParOldGen       total 564224K, used 279513K [0x0000000080000000, 0x00000000a2700000, 0x00000000d5580000)
  object space 564224K, 49% used [0x0000000080000000,0x00000000910f6598,0x00000000a2700000)
 Metaspace       used 107922K, capacity 114408K, committed 114648K, reserved 1148928K
  class space    used 13367K, capacity 14532K, committed 14592K, reserved 1048576K
Event: 4561.756 GC heap after
Heap after GC invocations=112 (full 10):
 PSYoungGen      total 589824K, used 23449K [0x00000000d5580000, 0x00000000ff280000, 0x0000000100000000)
  eden space 512000K, 0% used [0x00000000d5580000,0x00000000d5580000,0x00000000f4980000)
  from space 77824K, 30% used [0x00000000fa680000,0x00000000fbd665c0,0x00000000ff280000)
  to   space 86528K, 0% used [0x00000000f4980000,0x00000000f4980000,0x00000000f9e00000)
 ParOldGen       total 564224K, used 284628K [0x0000000080000000, 0x00000000a2700000, 0x00000000d5580000)
  object space 564224K, 50% used [0x0000000080000000,0x00000000915f5110,0x00000000a2700000)
 Metaspace       used 107922K, capacity 114408K, committed 114648K, reserved 1148928K
  class space    used 13367K, capacity 14532K, committed 14592K, reserved 1048576K
}
Event: 4564.463 GC heap before
{Heap before GC invocations=113 (full 10):
 PSYoungGen      total 589824K, used 535449K [0x00000000d5580000, 0x00000000ff280000, 0x0000000100000000)
  eden space 512000K, 100% used [0x00000000d5580000,0x00000000f4980000,0x00000000f4980000)
  from space 77824K, 30% used [0x00000000fa680000,0x00000000fbd665c0,0x00000000ff280000)
  to   space 86528K, 0% used [0x00000000f4980000,0x00000000f4980000,0x00000000f9e00000)
 ParOldGen       total 564224K, used 284628K [0x0000000080000000, 0x00000000a2700000, 0x00000000d5580000)
  object space 564224K, 50% used [0x0000000080000000,0x00000000915f5110,0x00000000a2700000)
 Metaspace       used 107941K, capacity 114426K, committed 114648K, reserved 1148928K
  class space    used 13368K, capacity 14533K, committed 14592K, reserved 1048576K
Event: 4564.566 GC heap after
Heap after GC invocations=113 (full 10):
 PSYoungGen      total 598528K, used 86503K [0x00000000d5580000, 0x0000000100000000, 0x0000000100000000)
  eden space 512000K, 0% used [0x00000000d5580000,0x00000000d5580000,0x00000000f4980000)
  from space 86528K, 99% used [0x00000000f4980000,0x00000000f9df9f00,0x00000000f9e00000)
  to   space 100352K, 0% used [0x00000000f9e00000,0x00000000f9e00000,0x0000000100000000)
 ParOldGen       total 564224K, used 344913K [0x0000000080000000, 0x00000000a2700000, 0x00000000d5580000)
  object space 564224K, 61% used [0x0000000080000000,0x00000000950d44b8,0x00000000a2700000)
 Metaspace       used 107941K, capacity 114426K, committed 114648K, reserved 1148928K
  class space    used 13368K, capacity 14533K, committed 14592K, reserved 1048576K
}
Event: 4594.248 GC heap before
{Heap before GC invocations=114 (full 10):
 PSYoungGen      total 598528K, used 598503K [0x00000000d5580000, 0x0000000100000000, 0x0000000100000000)
  eden space 512000K, 100% used [0x00000000d5580000,0x00000000f4980000,0x00000000f4980000)
  from space 86528K, 99% used [0x00000000f4980000,0x00000000f9df9f00,0x00000000f9e00000)
  to   space 100352K, 0% used [0x00000000f9e00000,0x00000000f9e00000,0x0000000100000000)
 ParOldGen       total 564224K, used 344913K [0x0000000080000000, 0x00000000a2700000, 0x00000000d5580000)
  object space 564224K, 61% used [0x0000000080000000,0x00000000950d44b8,0x00000000a2700000)
 Metaspace       used 109592K, capacity 116134K, committed 116440K, reserved 1150976K
  class space    used 13598K, capacity 14789K, committed 14848K, reserved 1048576K

Deoptimization events (10 events):
Event: 4566.322 Thread 0x000000003293d000 Uncommon trap: reason=unstable_if action=reinterpret pc=0x00000000065ab080 method=java.io.ObjectOutputStream$BlockDataOutputStream.write([BIIZ)V @ 2
Event: 4566.353 Thread 0x000000001e2c7800 Uncommon trap: reason=bimorphic action=maybe_recompile pc=0x000000000958fc50 method=sun.reflect.DelegatingConstructorAccessorImpl.newInstance([Ljava/lang/Object;)Ljava/lang/Object; @ 5
Event: 4566.389 Thread 0x000000001e2c7800 Uncommon trap: reason=unstable_if action=reinterpret pc=0x00000000046b2aa4 method=java.util.Properties.load0(Ljava/util/Properties$LineReader;)V @ 187
Event: 4587.450 Thread 0x000000001e2c7800 Uncommon trap: reason=bimorphic action=maybe_recompile pc=0x0000000006be3f44 method=java.util.concurrent.ThreadPoolExecutor.getTask()Ljava/lang/Runnable; @ 149
Event: 4592.452 Thread 0x000000001e2ca000 Uncommon trap: reason=null_check action=make_not_entrant pc=0x000000000467b09c method=java.io.ObjectStreamClass.getField(Ljava/lang/String;Ljava/lang/Class;)Ljava/io/ObjectStreamField; @ 67
Event: 4592.467 Thread 0x000000003293d000 Uncommon trap: reason=bimorphic action=maybe_recompile pc=0x000000000958fc50 method=sun.reflect.DelegatingConstructorAccessorImpl.newInstance([Ljava/lang/Object;)Ljava/lang/Object; @ 5
Event: 4592.476 Thread 0x000000003293d000 Uncommon trap: reason=bimorphic action=maybe_recompile pc=0x000000000958fc50 method=sun.reflect.DelegatingConstructorAccessorImpl.newInstance([Ljava/lang/Object;)Ljava/lang/Object; @ 5
Event: 4592.775 Thread 0x000000003293d000 Uncommon trap: reason=bimorphic action=maybe_recompile pc=0x000000000958fc50 method=sun.reflect.DelegatingConstructorAccessorImpl.newInstance([Ljava/lang/Object;)Ljava/lang/Object; @ 5
Event: 4593.654 Thread 0x000000003293d000 Uncommon trap: reason=unstable_if action=reinterpret pc=0x0000000007dd653c method=com.google.common.collect.Interners$InternerImpl.intern(Ljava/lang/Object;)Ljava/lang/Object; @ 42
Event: 4594.054 Thread 0x000000003294a000 Uncommon trap: reason=unstable_if action=reinterpret pc=0x00000000037f9ed8 method=org.gradle.internal.execution.history.changes.PreviousSuccessChanges.accept(Lorg/gradle/internal/change/ChangeVisitor;)Z @ 4

Classes redefined (0 events):
No events

Internal exceptions (10 events):
Event: 4566.198 Thread 0x0000000032944000 Exception <a 'java/lang/NoSuchMethodError': <clinit>> (0x00000000df68aca8) thrown at [D:\src\AOSP-openjdk-cygwin\jdk8u\hotspot\src\share\vm\prims\jni.cpp, line 1614]
Event: 4566.214 Thread 0x0000000032944000 Exception <a 'java/lang/NoSuchMethodError': <clinit>> (0x00000000df7d2080) thrown at [D:\src\AOSP-openjdk-cygwin\jdk8u\hotspot\src\share\vm\prims\jni.cpp, line 1614]
Event: 4566.225 Thread 0x000000003293d000 Exception <a 'sun/nio/fs/WindowsException'> (0x00000000df885948) thrown at [D:\src\AOSP-openjdk-cygwin\jdk8u\hotspot\src\share\vm\prims\jni.cpp, line 710]
Event: 4566.226 Thread 0x000000003293d000 Exception <a 'sun/nio/fs/WindowsException'> (0x00000000df8872c0) thrown at [D:\src\AOSP-openjdk-cygwin\jdk8u\hotspot\src\share\vm\prims\jni.cpp, line 710]
Event: 4566.226 Thread 0x000000003293d000 Exception <a 'sun/nio/fs/WindowsException'> (0x00000000df888c08) thrown at [D:\src\AOSP-openjdk-cygwin\jdk8u\hotspot\src\share\vm\prims\jni.cpp, line 710]
Event: 4566.226 Thread 0x000000003293d000 Exception <a 'sun/nio/fs/WindowsException'> (0x00000000df88a558) thrown at [D:\src\AOSP-openjdk-cygwin\jdk8u\hotspot\src\share\vm\prims\jni.cpp, line 710]
Event: 4587.447 Thread 0x000000001e2c7800 Exception <a 'java/net/ConnectException': Connection timed out: connect> (0x00000000e072fd48) thrown at [D:\src\AOSP-openjdk-cygwin\jdk8u\hotspot\src\share\vm\prims\jni.cpp, line 736]
Event: 4592.787 Thread 0x000000003293d000 Exception <a 'sun/nio/fs/WindowsException'> (0x00000000e1db3970) thrown at [D:\src\AOSP-openjdk-cygwin\jdk8u\hotspot\src\share\vm\prims\jni.cpp, line 710]
Event: 4594.119 Thread 0x00000000223d8000 Exception <a 'sun/nio/fs/WindowsException'> (0x00000000ee5e0ef0) thrown at [D:\src\AOSP-openjdk-cygwin\jdk8u\hotspot\src\share\vm\prims\jni.cpp, line 710]
Event: 4594.239 Thread 0x00000000223dd800 Exception <a 'java/io/FileNotFoundException'> (0x00000000f439b430) thrown at [D:\src\AOSP-openjdk-cygwin\jdk8u\hotspot\src\share\vm\prims\jni.cpp, line 710]

Events (10 events):
Event: 4594.119 Executing VM operation: RevokeBias
Event: 4594.119 Executing VM operation: RevokeBias done
Event: 4594.212 Thread 0x000000001a15d000 flushing nmethod 0x0000000003407890
Event: 4594.238 Executing VM operation: RevokeBias
Event: 4594.239 Executing VM operation: RevokeBias done
Event: 4594.239 Executing VM operation: RevokeBias
Event: 4594.239 Executing VM operation: RevokeBias done
Event: 4594.239 Executing VM operation: RevokeBias
Event: 4594.239 Executing VM operation: RevokeBias done
Event: 4594.248 Executing VM operation: ParallelGCFailedAllocation


Dynamic libraries:
0x00007ff601c90000 - 0x00007ff601cc1000 	D:\soft\android\android-studio\jre\bin\java.exe
0x00007ffdfed40000 - 0x00007ffdfef30000 	C:\WINDOWS\SYSTEM32\ntdll.dll
0x00007ffdfe6a0000 - 0x00007ffdfe752000 	C:\WINDOWS\System32\KERNEL32.DLL
0x00007ffdfca70000 - 0x00007ffdfcd13000 	C:\WINDOWS\System32\KERNELBASE.dll
0x00007ffdfcec0000 - 0x00007ffdfcf63000 	C:\WINDOWS\System32\ADVAPI32.dll
0x00007ffdfda20000 - 0x00007ffdfdabe000 	C:\WINDOWS\System32\msvcrt.dll
0x00007ffdfe8c0000 - 0x00007ffdfe957000 	C:\WINDOWS\System32\sechost.dll
0x00007ffdfd020000 - 0x00007ffdfd140000 	C:\WINDOWS\System32\RPCRT4.dll
0x00007ffdfdc80000 - 0x00007ffdfde14000 	C:\WINDOWS\System32\USER32.dll
0x00007ffdfcd40000 - 0x00007ffdfcd61000 	C:\WINDOWS\System32\win32u.dll
0x00007ffdfd140000 - 0x00007ffdfd166000 	C:\WINDOWS\System32\GDI32.dll
0x00007ffdfc640000 - 0x00007ffdfc7d4000 	C:\WINDOWS\System32\gdi32full.dll
0x00007ffdfbcd0000 - 0x00007ffdfbd6e000 	C:\WINDOWS\System32\msvcp_win.dll
0x00007ffdfc4f0000 - 0x00007ffdfc5ea000 	C:\WINDOWS\System32\ucrtbase.dll
0x00007ffdeb390000 - 0x00007ffdeb615000 	C:\WINDOWS\WinSxS\amd64_microsoft.windows.common-controls_6595b64144ccf1df_6.0.18362.535_none_e6c3b34713100821\COMCTL32.dll
0x00007ffdfe9c0000 - 0x00007ffdfecf6000 	C:\WINDOWS\System32\combase.dll
0x00007ffdfcd70000 - 0x00007ffdfcdf0000 	C:\WINDOWS\System32\bcryptPrimitives.dll
0x00007ffdfe030000 - 0x00007ffdfe05e000 	C:\WINDOWS\System32\IMM32.DLL
0x0000000077420000 - 0x00000000774f2000 	D:\soft\android\android-studio\jre\jre\bin\msvcr100.dll
0x00000000764e0000 - 0x0000000076d26000 	D:\soft\android\android-studio\jre\jre\bin\server\jvm.dll
0x00007ffdfdc70000 - 0x00007ffdfdc78000 	C:\WINDOWS\System32\PSAPI.DLL
0x00007ffdf43d0000 - 0x00007ffdf43d9000 	C:\WINDOWS\SYSTEM32\WSOCK32.dll
0x00007ffdfde30000 - 0x00007ffdfde9f000 	C:\WINDOWS\System32\WS2_32.dll
0x00007ffdfb2d0000 - 0x00007ffdfb2da000 	C:\WINDOWS\SYSTEM32\VERSION.dll
0x00007ffdf8e40000 - 0x00007ffdf8e64000 	C:\WINDOWS\SYSTEM32\WINMM.dll
0x00007ffdf8e10000 - 0x00007ffdf8e3d000 	C:\WINDOWS\SYSTEM32\winmmbase.dll
0x00007ffdfc5f0000 - 0x00007ffdfc63a000 	C:\WINDOWS\System32\cfgmgr32.dll
0x00007ffdeec60000 - 0x00007ffdeec6f000 	D:\soft\android\android-studio\jre\jre\bin\verify.dll
0x00007ffde7340000 - 0x00007ffde7369000 	D:\soft\android\android-studio\jre\jre\bin\java.dll
0x00007ffde1fc0000 - 0x00007ffde1fd6000 	D:\soft\android\android-studio\jre\jre\bin\zip.dll
0x00007ffdfd330000 - 0x00007ffdfda15000 	C:\WINDOWS\System32\SHELL32.dll
0x00007ffdfdf80000 - 0x00007ffdfe029000 	C:\WINDOWS\System32\shcore.dll
0x00007ffdfbd70000 - 0x00007ffdfc4ef000 	C:\WINDOWS\System32\windows.storage.dll
0x00007ffdfbc90000 - 0x00007ffdfbcaf000 	C:\WINDOWS\System32\profapi.dll
0x00007ffdfbc40000 - 0x00007ffdfbc8a000 	C:\WINDOWS\System32\powrprof.dll
0x00007ffdfbc10000 - 0x00007ffdfbc20000 	C:\WINDOWS\System32\UMPDC.dll
0x00007ffdfe960000 - 0x00007ffdfe9b2000 	C:\WINDOWS\System32\shlwapi.dll
0x00007ffdfbc20000 - 0x00007ffdfbc31000 	C:\WINDOWS\System32\kernel.appcore.dll
0x00007ffdfcd20000 - 0x00007ffdfcd37000 	C:\WINDOWS\System32\cryptsp.dll
0x00007ffde1fa0000 - 0x00007ffde1fba000 	D:\soft\android\android-studio\jre\jre\bin\net.dll
0x00007ffdfafb0000 - 0x00007ffdfb017000 	C:\WINDOWS\system32\mswsock.dll
0x00007ffde0e30000 - 0x00007ffde0e41000 	D:\soft\android\android-studio\jre\jre\bin\nio.dll
0x00007ffde0f10000 - 0x00007ffde0f36000 	C:\Users\HP\.gradle\native\29\windows-amd64\native-platform.dll
0x00007ffdede60000 - 0x00007ffdede6d000 	D:\soft\android\android-studio\jre\jre\bin\management.dll
0x00007ffdfab30000 - 0x00007ffdfab63000 	C:\WINDOWS\system32\rsaenh.dll
0x00007ffdfc840000 - 0x00007ffdfc866000 	C:\WINDOWS\System32\bcrypt.dll
0x00007ffdfbb00000 - 0x00007ffdfbb25000 	C:\WINDOWS\SYSTEM32\USERENV.dll
0x00007ffdfb180000 - 0x00007ffdfb18c000 	C:\WINDOWS\SYSTEM32\CRYPTBASE.dll
0x00007ffdfacd0000 - 0x00007ffdfad0a000 	C:\WINDOWS\SYSTEM32\IPHLPAPI.DLL
0x00007ffdfdea0000 - 0x00007ffdfdea8000 	C:\WINDOWS\System32\NSI.dll
0x00007ffdef790000 - 0x00007ffdef7a6000 	C:\WINDOWS\SYSTEM32\dhcpcsvc6.DLL
0x00007ffdef770000 - 0x00007ffdef78c000 	C:\WINDOWS\SYSTEM32\dhcpcsvc.DLL
0x00007ffdfad10000 - 0x00007ffdfadda000 	C:\WINDOWS\SYSTEM32\DNSAPI.dll
0x00007ffdda2d0000 - 0x00007ffdda2f4000 	D:\soft\android\android-studio\jre\jre\bin\sunec.dll
0x00007ffdf6650000 - 0x00007ffdf665a000 	C:\Windows\System32\rasadhlp.dll
0x00007ffdef1e0000 - 0x00007ffdef257000 	C:\WINDOWS\System32\fwpuclnt.dll
0x00007ffdec490000 - 0x00007ffdec49b000 	D:\soft\android\android-studio\jre\jre\bin\sunmscapi.dll
0x00007ffdfc870000 - 0x00007ffdfc9b9000 	C:\WINDOWS\System32\CRYPT32.dll
0x00007ffdfbcb0000 - 0x00007ffdfbcc2000 	C:\WINDOWS\System32\MSASN1.dll
0x00007ffdfb6c0000 - 0x00007ffdfb6f1000 	C:\WINDOWS\SYSTEM32\ntmarta.dll
0x00007ffdd0ce0000 - 0x00007ffdd0e7c000 	D:\soft\android\android-studio\jre\jre\bin\awt.dll
0x00007ffdfdeb0000 - 0x00007ffdfdf74000 	C:\WINDOWS\System32\OLEAUT32.dll
0x00007ffdf9b30000 - 0x00007ffdf9b5d000 	C:\WINDOWS\SYSTEM32\dwmapi.dll
0x00007ffdf8190000 - 0x00007ffdf8750000 	C:\WINDOWS\SYSTEM32\d2d1.dll
0x00007ffdf9880000 - 0x00007ffdf990f000 	C:\WINDOWS\SYSTEM32\apphelp.dll
0x00007ffdf9a10000 - 0x00007ffdf9aa9000 	C:\WINDOWS\system32\uxtheme.dll
0x00007ffdfb700000 - 0x00007ffdfb8f4000 	C:\WINDOWS\SYSTEM32\dbghelp.dll

VM Arguments:
jvm_args: -XX:MaxPermSize=512m -XX:+HeapDumpOnOutOfMemoryError -Xmx2048m -Dfile.encoding=UTF-8 -Duser.country=CN -Duser.language=zh -Duser.variant 
java_command: org.gradle.launcher.daemon.bootstrap.GradleDaemon 5.4.1
java_class_path (initial): C:\Users\HP\.gradle\wrapper\dists\gradle-5.4.1-all\3221gyojl5jsh0helicew7rwx\gradle-5.4.1\lib\gradle-launcher-5.4.1.jar
Launcher Type: SUN_STANDARD

Environment Variables:
JAVA_HOME=D:\soft\eclipse\jdk
CLASSPATH=D:\soft\eclipse\jdk\lib\dt.jar;D:\soft\eclipse\jdk\lib\tools.jar
PATH=C:\Program Files (x86)\Common Files\Oracle\Java\javapath;C:\WINDOWS\system32;C:\WINDOWS;C:\WINDOWS\System32\Wbem;C:\WINDOWS\System32\WindowsPowerShell\v1.0\;C:\WINDOWS\System32\OpenSSH\;C:\Program Files\Intel\WiFi\bin\;C:\Program Files\Common Files\Intel\WirelessCommon\;C:\Program Files (x86)\Microsoft SQL Server\100\Tools\Binn\;C:\Program Files\Microsoft SQL Server\100\Tools\Binn\;C:\Program Files\Microsoft SQL Server\100\DTS\Binn\;C:\Program Files (x86)\Microsoft SQL Server\100\Tools\Binn\VSShell\Common7\IDE\;C:\Program Files (x86)\Microsoft SQL Server\100\DTS\Binn\;C:\Program Files (x86)\Microsoft Visual Studio 9.0\Common7\IDE\PrivateAssemblies\;C:\Program Files\Microsoft\Web Platform Installer\;C:\Program Files (x86)\Microsoft ASP.NET\ASP.NET Web Pages\v1.0\;D:\soft\eclipse\jdk\bin;D:\soft\git\Git\cmd;C:\Program Files (x86)\Windows Kits\8.0\Windows Performance Toolkit\;C:\Program Files\Microsoft SQL Server\110\Tools\Binn\;C:\Users\HP\AppData\Local\Microsoft\WindowsApps;C:\Program Files\Intel\WiFi\bin\;C:\Program Files\Common Files\Intel\WirelessCommon\;
USERNAME=HP
OS=Windows_NT
PROCESSOR_IDENTIFIER=Intel64 Family 6 Model 158 Stepping 10, GenuineIntel



---------------  S Y S T E M  ---------------

OS: Windows 10.0 , 64 bit Build 18362 (10.0.18362.329)

CPU:total 8 (initial active 8) (4 cores per cpu, 2 threads per core) family 6 model 158 stepping 10, cmov, cx8, fxsr, mmx, sse, sse2, sse3, ssse3, sse4.1, sse4.2, popcnt, avx, avx2, aes, clmul, erms, 3dnowpref, lzcnt, ht, tsc, tscinvbit, bmi1, bmi2, adx

Memory: 4k page, physical 8275184k(639724k free), swap 18236656k(5735740k free)

vm_info: OpenJDK 64-Bit Server VM (25.202-b03) for windows-amd64 JRE (1.8.0_202-release-1483-b03), built by "builder" with MS VC++ 10.0 (VS2010)

time: Tue Dec 17 15:11:45 2019
timezone: 中国标准时间
elapsed time: 4594 seconds (0d 1h 16m 34s)

